============================================================
Time  2016/06/26 11:19:37 158 
============================================================
[2016/06/26 11:19:37 158] legacyuup  305  SYS_MSG_LOAD  
[2016/06/26 11:19:37 159] legacyuup  218  UUP_MSG_START  
[2016/06/26 11:19:37 159] legacyuup  220  legacyuup  legacyuup_ef97a  268436457  1442971637  
[2016/06/26 11:19:37 159] legacyuup  263  User set url is   nil  
[2016/06/26 11:19:37 159] transport  603  paramkvsport is   nil  
[2016/06/26 11:19:37 159] transport  611  ns_enable=  0  
[2016/06/26 11:19:37 159] transport  655  url.full=  nil  
[2016/06/26 11:19:37 159] transport  831  switch 80  
[2016/06/26 11:19:37 159] transport  838  net type:  standard  
[2016/06/26 11:19:37 159] transport  839  net operator:  def  
[2016/06/26 11:19:37 159] transport  840  use proxy:  false  
[2016/06/26 11:19:37 159] legacyuup  280  not login!  
[2016/06/26 11:19:37 289] legacyuup  294  UUP_MSG_LGI_RESULT  
[2016/06/26 11:19:37 289] legacyuup  174  [session] send uup request  
[2016/06/26 11:19:37 289] transport  1071 ns_enable =  0  
[2016/06/26 11:19:37 289] legacyuup  131  lver:  nil  
[2016/06/26 11:19:37 289] legacyuup  136  cfg_ver:  nil  
[2016/06/26 11:19:37 290] transport  155  [dns] [0] response 59.107.24.11  
[2016/06/26 11:19:37 290] transport  163  59  107  24  11  
[2016/06/26 11:19:37 290] transport  199  ip front is  59.107.24  
[2016/06/26 11:19:37 290] transport  265  expected ip  
[2016/06/26 11:19:37 290] network    89   iptoenv ,  ipcache  dev.voicecloud.cn  def  59.107.24.11  
[2016/06/26 11:19:37 291] transport  1138 [soc] connect   59.107.24.11  80  
[2016/06/26 11:19:37 291] transport  1155 mspsoc.open,prot_type=  tcp  
[2016/06/26 11:19:37 322] transport  461  [soc] [0] connected  
[2016/06/26 11:19:37 322] transport  1191 build http request.  
[2016/06/26 11:19:37 322] transport  1291 POST /msp.do HTTP/1.1
Host: dev.voicecloud.cn
Content-Type: multipart/mixed;boundary=--
Content-Length: 1005
User-Agent: iFLYCloud
Cache-Control: no-cache
Accept: */*

----
CL:168
CT:text/plain

ver=MSSP+0%2E9&sub=asr&cmd=uup&cver=5%2E0%2E16%2E1109&key=0f8WUi0^StptsLd3NslUZjhYs6DCPWTBl8QL0KYcCbKZc^HBywnTxKral23oFE33OSK36LYv8Z1So^eLqyKgihXRmhs5T9hkChPni6sioIoV0=
----
CL:312
CT:binary/userdata+abnf
CE:gzip,encrypt/0.2

Š‰ç¿¦ÏÅúH>¶5m²‚7Ê¶j¹!=®!eÖþ  
[2016/06/26 11:19:37 324] transport  483  [soc] [0] send ok  1181  
[2016/06/26 11:19:37 363] transport  495  [soc] [0] readable  
[2016/06/26 11:19:37 363] transport  1563 HTTP/1.1 200 OK
Content-Type: text/plain
Content-Length: 195
X-Req-Date: 2016/06/26 11:16:21 656
Cache-Control: no-cache
CL: 195
X-Res-Date: 2016/06/26 11:16:21 658

ver=MSSP+0%2E9&ret=0&cver=5%2E0%2E16%2E1109&eid=ffe10ea7751f94ac008367391a7db43d&key=0fNdSVkILceMMpLL^RhLAxq/AFu5N^CjOz0Ju0/JkMu^o^HBywnTxKral23oFE33OSK36LYv8Z1So^eLqyKgihXRmhs5T9hkChPni6sioIoV0=  
[2016/06/26 11:19:37 363] transport  1310 a_complete_httpmessage  200  
[2016/06/26 11:19:37 363] transport  1419 is_update  true  
[2016/06/26 11:19:37 363] legacyuup  50   [trans] [id = uuplegacyuup_ef97a] readable  
[2016/06/26 11:19:37 364] network    84   ipfromenv ,  ipcache  dev.voicecloud.cn  def  59.107.24.11  
[2016/06/26 11:19:37 364] transport  914  cached ip is confirmed  
[2016/06/26 11:19:37 364] transport  1170 [soc] disconnect   
[2016/06/26 11:19:37 364] legacyuup  60   uup ok!  
[2016/06/26 11:19:37 364] legacyuup  314  SYS_MSG_UNLOAD  
