============================================================
Time  2016/06/24 19:43:40 906 
============================================================
[2016/06/24 19:43:40 906] legacyuup  305  SYS_MSG_LOAD  
[2016/06/24 19:43:40 907] legacyuup  218  UUP_MSG_START  
[2016/06/24 19:43:40 907] legacyuup  220  legacyuup  legacyuup_13dc812  268436457  1442971637  
[2016/06/24 19:43:40 907] legacyuup  263  User set url is   nil  
[2016/06/24 19:43:40 907] transport  603  paramkvsport is   nil  
[2016/06/24 19:43:40 907] transport  611  ns_enable=  0  
[2016/06/24 19:43:40 907] transport  655  url.full=  nil  
[2016/06/24 19:43:40 907] transport  831  switch 80  
[2016/06/24 19:43:40 907] transport  838  net type:  standard  
[2016/06/24 19:43:40 907] transport  839  net operator:  def  
[2016/06/24 19:43:40 907] transport  840  use proxy:  false  
[2016/06/24 19:43:40 907] legacyuup  280  not login!  
[2016/06/24 19:43:41 016] legacyuup  294  UUP_MSG_LGI_RESULT  
[2016/06/24 19:43:41 016] legacyuup  174  [session] send uup request  
[2016/06/24 19:43:41 016] transport  1071 ns_enable =  0  
[2016/06/24 19:43:41 016] legacyuup  131  lver:  nil  
[2016/06/24 19:43:41 016] legacyuup  136  cfg_ver:  nil  
[2016/06/24 19:43:41 017] transport  155  [dns] [0] response 59.107.24.5  
[2016/06/24 19:43:41 017] transport  163  59  107  24  5  
[2016/06/24 19:43:41 017] transport  192  iplist not avail  
[2016/06/24 19:43:41 017] transport  251  no iplist now  
[2016/06/24 19:43:41 017] network    89   iptoenv ,  ipcache  dev.voicecloud.cn  def  59.107.24.5  
[2016/06/24 19:43:41 018] transport  1138 [soc] connect   59.107.24.5  80  
[2016/06/24 19:43:41 018] transport  1155 mspsoc.open,prot_type=  tcp  
[2016/06/24 19:43:41 051] transport  461  [soc] [0] connected  
[2016/06/24 19:43:41 051] transport  1191 build http request.  
[2016/06/24 19:43:41 052] transport  1291 POST /msp.do HTTP/1.1
Host: dev.voicecloud.cn
Content-Type: multipart/mixed;boundary=--
Content-Length: 997
User-Agent: iFLYCloud
Cache-Control: no-cache
Accept: */*

----
CL:168
CT:text/plain

ver=MSSP+0%2E9&sub=asr&cmd=uup&cver=5%2E0%2E16%2E1109&key=0fY5nmQtoczVIGabY95k4WwP8RVkTd^DLM7tGVqzFLWv4^HBywnTxKral23oFE33OSoBLdbMJaIH4^eLqyKgihXRmhs5T9hkChPni6sioIoV0=
----
CL:304
CT:binary/userdata+abnf
CE:gzip,encrypt/0.2

Ì3h!+\|íúÊ;¶Eeò‚=òæ½!\é75h¯ÿGõO!Yùg>ûøéÑ'dº¶»ÊpÜ>ò[ÝŸ&EÇÁß±ýº39Å	Çºªš›	¥jù2GÚ8#ÿ±ø:(²  
[2016/06/24 19:43:41 052] transport  483  [soc] [0] send ok  1172  
[2016/06/24 19:43:41 214] transport  495  [soc] [0] readable  
[2016/06/24 19:43:41 214] transport  1563 HTTP/1.1 200 OK
Content-Type: text/plain
Content-Length: 195
X-Req-Date: 2016/06/24 19:40:49 403
Cache-Control: no-cache
CL: 195
X-Res-Date: 2016/06/24 19:40:49 528

ver=MSSP+0%2E9&ret=0&cver=5%2E0%2E16%2E1109&eid=1b4dc117235434f566557a096f0b5d6f&key=0ftECUBa82qwHcMbuA0GlzvUOc^0BcRs43pq/AbeqXxPs^HBywnTxKral23oFE33OSoBLdbMJaIH4^eLqyKgihXRmhs5T9hkChPni6sioIoV0=  
[2016/06/24 19:43:41 214] transport  1310 a_complete_httpmessage  200  
[2016/06/24 19:43:41 214] transport  1419 is_update  true  
[2016/06/24 19:43:41 214] legacyuup  50   [trans] [id = uuplegacyuup_13dc812] readable  
[2016/06/24 19:43:41 215] network    84   ipfromenv ,  ipcache  dev.voicecloud.cn  def  59.107.24.5  
[2016/06/24 19:43:41 215] transport  914  cached ip is confirmed  
[2016/06/24 19:43:41 215] transport  1170 [soc] disconnect   
[2016/06/24 19:43:41 215] legacyuup  60   uup ok!  
[2016/06/24 19:43:41 215] legacyuup  314  SYS_MSG_UNLOAD  
