============================================================
Time  2016/06/24 19:29:00 033 
============================================================
[2016/06/24 19:29:00 033] legacyuup  305  SYS_MSG_LOAD  
[2016/06/24 19:29:00 034] legacyuup  218  UUP_MSG_START  
[2016/06/24 19:29:00 034] legacyuup  220  legacyuup  legacyuup_1305729  268436457  1442971637  
[2016/06/24 19:29:00 034] legacyuup  263  User set url is   nil  
[2016/06/24 19:29:00 034] transport  603  paramkvsport is   nil  
[2016/06/24 19:29:00 034] transport  611  ns_enable=  0  
[2016/06/24 19:29:00 034] transport  655  url.full=  nil  
[2016/06/24 19:29:00 034] transport  831  switch 80  
[2016/06/24 19:29:00 034] transport  838  net type:  standard  
[2016/06/24 19:29:00 034] transport  839  net operator:  def  
[2016/06/24 19:29:00 034] transport  840  use proxy:  false  
[2016/06/24 19:29:00 034] legacyuup  280  not login!  
[2016/06/24 19:29:00 112] legacyuup  294  UUP_MSG_LGI_RESULT  
[2016/06/24 19:29:00 112] legacyuup  174  [session] send uup request  
[2016/06/24 19:29:00 112] transport  1071 ns_enable =  0  
[2016/06/24 19:29:00 112] legacyuup  131  lver:  nil  
[2016/06/24 19:29:00 112] legacyuup  136  cfg_ver:  nil  
[2016/06/24 19:29:00 113] transport  155  [dns] [0] response 59.107.24.5  
[2016/06/24 19:29:00 113] transport  163  59  107  24  5  
[2016/06/24 19:29:00 113] transport  192  iplist not avail  
[2016/06/24 19:29:00 113] transport  251  no iplist now  
[2016/06/24 19:29:00 113] network    89   iptoenv ,  ipcache  dev.voicecloud.cn  def  59.107.24.5  
[2016/06/24 19:29:00 113] transport  1138 [soc] connect   59.107.24.5  80  
[2016/06/24 19:29:00 114] transport  1155 mspsoc.open,prot_type=  tcp  
[2016/06/24 19:29:00 147] transport  461  [soc] [0] connected  
[2016/06/24 19:29:00 147] transport  1191 build http request.  
[2016/06/24 19:29:00 147] transport  1291 POST /msp.do HTTP/1.1
Host: dev.voicecloud.cn
Content-Type: multipart/mixed;boundary=--
Content-Length: 997
User-Agent: iFLYCloud
Cache-Control: no-cache
Accept: */*

----
CL:168
CT:text/plain

ver=MSSP+0%2E9&sub=asr&cmd=uup&cver=5%2E0%2E16%2E1109&key=0f1/j3Hur50aEGabY95k4WwOo1FAONy1J^N9UsK1AVU88^HBywnTxKral23oFE33OSt6QsXq0Iof8^eLqyKgihXRmhs5T9hkChPni6sioIoV0=
----
CL:304
CT:binary/userdata+abnf
CE:gzip,encrypt/0.2

o[zÐ‚aüúÈ;¶Ea3‚=ò:W&ÐÃÐt  
[2016/06/24 19:29:00 149] transport  483  [soc] [0] send ok  1172  
[2016/06/24 19:29:00 229] transport  495  [soc] [0] readable  
[2016/06/24 19:29:00 229] transport  1563 HTTP/1.1 200 OK
Content-Type: text/plain
Content-Length: 195
X-Req-Date: 2016/06/24 19:26:08 459
Cache-Control: no-cache
CL: 195
X-Res-Date: 2016/06/24 19:26:08 501

ver=MSSP+0%2E9&ret=0&cver=5%2E0%2E16%2E1109&eid=46a93faa20dd875c62bcebc79e9b1dfd&key=0fo2iORjA0nkSfOVo32jzwD^kB/vjynDdGz2aIGQwlgyg^HBywnTxKral23oFE33OSt6QsXq0Iof8^eLqyKgihXRmhs5T9hkChPni6sioIoV0=  
[2016/06/24 19:29:00 229] transport  1310 a_complete_httpmessage  200  
[2016/06/24 19:29:00 229] transport  1419 is_update  true  
[2016/06/24 19:29:00 229] legacyuup  50   [trans] [id = uuplegacyuup_1305729] readable  
[2016/06/24 19:29:00 229] network    84   ipfromenv ,  ipcache  dev.voicecloud.cn  def  59.107.24.5  
[2016/06/24 19:29:00 230] transport  914  cached ip is confirmed  
[2016/06/24 19:29:00 230] transport  1170 [soc] disconnect   
[2016/06/24 19:29:00 230] legacyuup  60   uup ok!  
