============================================================
Time  2016/07/07 02:52:20 415 
============================================================
[2016/07/07 02:52:20 415] legacyuup  305  SYS_MSG_LOAD  
[2016/07/07 02:52:20 416] legacyuup  218  UUP_MSG_START  
[2016/07/07 02:52:20 416] legacyuup  220  legacyuup  legacyuup_da83f9  268436457  1442971637  
[2016/07/07 02:52:20 416] legacyuup  263  User set url is   nil  
[2016/07/07 02:52:20 416] transport  603  paramkvsport is   nil  
[2016/07/07 02:52:20 416] transport  611  ns_enable=  0  
[2016/07/07 02:52:20 416] transport  655  url.full=  nil  
[2016/07/07 02:52:20 416] transport  831  switch 80  
[2016/07/07 02:52:20 416] transport  838  net type:  standard  
[2016/07/07 02:52:20 416] transport  839  net operator:  def  
[2016/07/07 02:52:20 416] transport  840  use proxy:  false  
[2016/07/07 02:52:20 416] legacyuup  280  not login!  
[2016/07/07 02:52:20 537] legacyuup  294  UUP_MSG_LGI_RESULT  
[2016/07/07 02:52:20 537] legacyuup  174  [session] send uup request  
[2016/07/07 02:52:20 537] transport  1071 ns_enable =  0  
[2016/07/07 02:52:20 537] legacyuup  131  lver:  nil  
[2016/07/07 02:52:20 537] legacyuup  136  cfg_ver:  nil  
[2016/07/07 02:52:20 538] transport  155  [dns] [0] response 59.107.24.11  
[2016/07/07 02:52:20 538] transport  163  59  107  24  11  
[2016/07/07 02:52:20 538] transport  199  ip front is  59.107.24  
[2016/07/07 02:52:20 538] transport  265  expected ip  
[2016/07/07 02:52:20 538] network    89   iptoenv ,  ipcache  dev.voicecloud.cn  def  59.107.24.11  
[2016/07/07 02:52:20 538] transport  1138 [soc] connect   59.107.24.11  80  
[2016/07/07 02:52:20 538] transport  1155 mspsoc.open,prot_type=  tcp  
[2016/07/07 02:52:20 569] transport  461  [soc] [0] connected  
[2016/07/07 02:52:20 569] transport  1191 build http request.  
[2016/07/07 02:52:20 570] transport  1291 POST /msp.do HTTP/1.1
Host: dev.voicecloud.cn
Content-Type: multipart/mixed;boundary=--
Content-Length: 1005
User-Agent: iFLYCloud
Cache-Control: no-cache
Accept: */*

----
CL:168
CT:text/plain

ver=MSSP+0%2E9&sub=asr&cmd=uup&cver=5%2E0%2E16%2E1109&key=0faga/V^7y6r4qDU9crCCETRHtYIOHFGhFd1adAJ9Zhgc^HBywnTxKral23oFE33OSQAywY5/ttdM^eLqyKgihXRmhs5T9hkChPni6sioIoV0=
----
CL:312
CT:binary/userdata+abnf
CE:gzip,encrypt/0.2

ã%²7`èXúH>¶5m²‚7Ê¶j¹!=®!eÖþ  
[2016/07/07 02:52:20 571] transport  483  [soc] [0] send ok  1181  
[2016/07/07 02:52:20 620] transport  495  [soc] [0] readable  
[2016/07/07 02:52:20 621] transport  1563 HTTP/1.1 200 OK
Content-Type: text/plain
Content-Length: 195
X-Req-Date: 2016/07/07 02:48:29 904
Cache-Control: no-cache
CL: 195
X-Res-Date: 2016/07/07 02:48:29 922

ver=MSSP+0%2E9&ret=0&cver=5%2E0%2E16%2E1109&eid=afcd1ee0d1cb86e9ea5ccdffd162fa81&key=0fFCdK9I2rAweKKWS/R2QU2gLpDUn6frLdcYwQtBN07NI^HBywnTxKral23oFE33OSQAywY5/ttdM^eLqyKgihXRmhs5T9hkChPni6sioIoV0=  
[2016/07/07 02:52:20 621] transport  1310 a_complete_httpmessage  200  
[2016/07/07 02:52:20 621] transport  1419 is_update  true  
[2016/07/07 02:52:20 621] legacyuup  50   [trans] [id = uuplegacyuup_da83f9] readable  
[2016/07/07 02:52:20 621] network    84   ipfromenv ,  ipcache  dev.voicecloud.cn  def  59.107.24.11  
[2016/07/07 02:52:20 621] transport  914  cached ip is confirmed  
[2016/07/07 02:52:20 621] transport  1170 [soc] disconnect   
[2016/07/07 02:52:20 622] legacyuup  60   uup ok!  
[2016/07/07 02:52:20 622] legacyuup  314  SYS_MSG_UNLOAD  
