============================================================
Time  2016/07/05 11:21:54 060 
============================================================
[2016/07/05 11:21:54 060] legacyuup  305  SYS_MSG_LOAD  
[2016/07/05 11:21:54 061] legacyuup  218  UUP_MSG_START  
[2016/07/05 11:21:54 061] legacyuup  220  legacyuup  legacyuup_225dec  268436457  1442971637  
[2016/07/05 11:21:54 061] legacyuup  263  User set url is   nil  
[2016/07/05 11:21:54 061] transport  603  paramkvsport is   nil  
[2016/07/05 11:21:54 061] transport  611  ns_enable=  0  
[2016/07/05 11:21:54 061] transport  655  url.full=  nil  
[2016/07/05 11:21:54 061] transport  831  switch 80  
[2016/07/05 11:21:54 061] transport  838  net type:  standard  
[2016/07/05 11:21:54 061] transport  839  net operator:  def  
[2016/07/05 11:21:54 061] transport  840  use proxy:  false  
[2016/07/05 11:21:54 061] legacyuup  280  not login!  
[2016/07/05 11:21:54 139] legacyuup  294  UUP_MSG_LGI_RESULT  
[2016/07/05 11:21:54 139] legacyuup  174  [session] send uup request  
[2016/07/05 11:21:54 139] transport  1071 ns_enable =  0  
[2016/07/05 11:21:54 139] legacyuup  131  lver:  nil  
[2016/07/05 11:21:54 139] legacyuup  136  cfg_ver:  nil  
[2016/07/05 11:21:54 142] transport  155  [dns] [0] response 117.121.21.149  
[2016/07/05 11:21:54 142] transport  163  117  121  21  149  
[2016/07/05 11:21:54 142] transport  192  iplist not avail  
[2016/07/05 11:21:54 142] transport  251  no iplist now  
[2016/07/05 11:21:54 142] network    89   iptoenv ,  ipcache  dev.voicecloud.cn  def  117.121.21.149  
[2016/07/05 11:21:54 143] transport  1138 [soc] connect   117.121.21.149  80  
[2016/07/05 11:21:54 143] transport  1155 mspsoc.open,prot_type=  tcp  
[2016/07/05 11:21:54 186] transport  461  [soc] [0] connected  
[2016/07/05 11:21:54 186] transport  1191 build http request.  
[2016/07/05 11:21:54 186] transport  1291 POST /msp.do HTTP/1.1
Host: dev.voicecloud.cn
Content-Type: multipart/mixed;boundary=--
Content-Length: 1005
User-Agent: iFLYCloud
Cache-Control: no-cache
Accept: */*

----
CL:168
CT:text/plain

ver=MSSP+0%2E9&sub=asr&cmd=uup&cver=5%2E0%2E16%2E1109&key=0fN//QE^Goq7Xp9JyOdl/4VoxXbUwThLszAWCXiGGS3Eg^HBywnTxKral23oFE33OS7FJl12Bz8Fk^eLqyKgihXRmhs5T9hkChPni6sioIoV0=
----
CL:312
CT:binary/userdata+abnf
CE:gzip,encrypt/0.2

<…À=•ÌúH>¶5m²‚7Ê¶j¹!=®!eÖþ  
[2016/07/05 11:21:54 188] transport  483  [soc] [0] send ok  1181  
[2016/07/05 11:21:54 237] transport  495  [soc] [0] readable  
[2016/07/05 11:21:54 237] transport  1563 HTTP/1.1 200 OK
Content-Type: text/plain
Content-Length: 195
X-Req-Date: 2016/07/04 23:18:44 922
Cache-Control: no-cache
CL: 195
X-Res-Date: 2016/07/04 23:18:44 928

ver=MSSP+0%2E9&ret=0&cver=5%2E0%2E16%2E1109&eid=bc2bd6833acb36e996c10d7309ddd4bc&key=0fe4eWpk6tO6N^fS6QkpW0sHe9VVUgEgETHLerQEUKNgM^HBywnTxKral23oFE33OS7FJl12Bz8Fk^eLqyKgihXRmhs5T9hkChPni6sioIoV0=  
[2016/07/05 11:21:54 237] transport  1310 a_complete_httpmessage  200  
[2016/07/05 11:21:54 237] transport  1419 is_update  true  
[2016/07/05 11:21:54 237] legacyuup  50   [trans] [id = uuplegacyuup_225dec] readable  
[2016/07/05 11:21:54 238] network    84   ipfromenv ,  ipcache  dev.voicecloud.cn  def  117.121.21.149  
[2016/07/05 11:21:54 238] transport  914  cached ip is confirmed  
[2016/07/05 11:21:54 238] transport  1170 [soc] disconnect   
[2016/07/05 11:21:54 238] legacyuup  60   uup ok!  
[2016/07/05 11:21:54 238] legacyuup  314  SYS_MSG_UNLOAD  
