============================================================
Time  2016/06/24 20:22:15 980 
============================================================
[2016/06/24 20:22:15 980] legacyuup  305  SYS_MSG_LOAD  
[2016/06/24 20:22:15 980] legacyuup  218  UUP_MSG_START  
[2016/06/24 20:22:15 980] legacyuup  220  legacyuup  legacyuup_1611b53  268436457  1442971637  
[2016/06/24 20:22:15 981] legacyuup  263  User set url is   nil  
[2016/06/24 20:22:15 981] transport  603  paramkvsport is   nil  
[2016/06/24 20:22:15 981] transport  611  ns_enable=  0  
[2016/06/24 20:22:15 981] transport  655  url.full=  nil  
[2016/06/24 20:22:15 981] transport  831  switch 80  
[2016/06/24 20:22:15 981] transport  838  net type:  standard  
[2016/06/24 20:22:15 981] transport  839  net operator:  def  
[2016/06/24 20:22:15 981] transport  840  use proxy:  false  
[2016/06/24 20:22:15 981] legacyuup  280  not login!  
[2016/06/24 20:22:16 100] legacyuup  294  UUP_MSG_LGI_RESULT  
[2016/06/24 20:22:16 100] legacyuup  174  [session] send uup request  
[2016/06/24 20:22:16 100] transport  1071 ns_enable =  0  
[2016/06/24 20:22:16 100] legacyuup  131  lver:  nil  
[2016/06/24 20:22:16 100] legacyuup  136  cfg_ver:  nil  
[2016/06/24 20:22:16 101] transport  155  [dns] [0] response 59.107.24.11  
[2016/06/24 20:22:16 101] transport  163  59  107  24  11  
[2016/06/24 20:22:16 101] transport  192  iplist not avail  
[2016/06/24 20:22:16 101] transport  251  no iplist now  
[2016/06/24 20:22:16 101] network    89   iptoenv ,  ipcache  dev.voicecloud.cn  def  59.107.24.11  
[2016/06/24 20:22:16 102] transport  1138 [soc] connect   59.107.24.11  80  
[2016/06/24 20:22:16 102] transport  1155 mspsoc.open,prot_type=  tcp  
[2016/06/24 20:22:16 135] transport  461  [soc] [0] connected  
[2016/06/24 20:22:16 135] transport  1191 build http request.  
[2016/06/24 20:22:16 136] transport  1291 POST /msp.do HTTP/1.1
Host: dev.voicecloud.cn
Content-Type: multipart/mixed;boundary=--
Content-Length: 1013
User-Agent: iFLYCloud
Cache-Control: no-cache
Accept: */*

----
CL:168
CT:text/plain

ver=MSSP+0%2E9&sub=asr&cmd=uup&cver=5%2E0%2E16%2E1109&key=0fos37wjbcPMFmFKY15UTZ4a9BmRms5oTlC4AbdXqynms^HBywnTxKral23oFE33OSMssaprEIOHg^eLqyKgihXRmhs5T9hkChPni6sioIoV0=
----
CL:320
CT:binary/userdata+abnf
CE:gzip,encrypt/0.2

mÙ7“ï¥†ÅúJ>¶5mò‚7Ê¶z¹!î!eÖþ  
[2016/06/24 20:22:16 137] transport  483  [soc] [0] send ok  1189  
[2016/06/24 20:22:16 186] transport  495  [soc] [0] readable  
[2016/06/24 20:22:16 187] transport  1563 HTTP/1.1 200 OK
Content-Type: text/plain
Content-Length: 195
X-Req-Date: 2016/06/24 20:19:07 810
Cache-Control: no-cache
CL: 195
X-Res-Date: 2016/06/24 20:19:07 828

ver=MSSP+0%2E9&ret=0&cver=5%2E0%2E16%2E1109&eid=8186b53b0687019ac58ee5337198f555&key=0fNdSVkILceMNu1D9ZXsE3sXYUTLxH^NWHTd1N4msTKuY^HBywnTxKral23oFE33OSMssaprEIOHg^eLqyKgihXRmhs5T9hkChPni6sioIoV0=  
[2016/06/24 20:22:16 187] transport  1310 a_complete_httpmessage  200  
[2016/06/24 20:22:16 187] transport  1419 is_update  true  
[2016/06/24 20:22:16 187] legacyuup  50   [trans] [id = uuplegacyuup_1611b53] readable  
[2016/06/24 20:22:16 187] network    84   ipfromenv ,  ipcache  dev.voicecloud.cn  def  59.107.24.11  
[2016/06/24 20:22:16 187] transport  914  cached ip is confirmed  
[2016/06/24 20:22:16 187] transport  1170 [soc] disconnect   
[2016/06/24 20:22:16 188] legacyuup  60   uup ok!  
[2016/06/24 20:22:16 188] legacyuup  314  SYS_MSG_UNLOAD  
