============================================================
Time  2016/06/24 21:38:09 627 
============================================================
[2016/06/24 21:38:09 627] legacyuup  305  SYS_MSG_LOAD  
[2016/06/24 21:38:09 628] legacyuup  218  UUP_MSG_START  
[2016/06/24 21:38:09 628] legacyuup  220  legacyuup  legacyuup_1a69704  268436457  1442971637  
[2016/06/24 21:38:09 628] legacyuup  263  User set url is   nil  
[2016/06/24 21:38:09 628] transport  603  paramkvsport is   nil  
[2016/06/24 21:38:09 628] transport  611  ns_enable=  0  
[2016/06/24 21:38:09 628] transport  655  url.full=  nil  
[2016/06/24 21:38:09 628] transport  831  switch 80  
[2016/06/24 21:38:09 628] transport  838  net type:  standard  
[2016/06/24 21:38:09 628] transport  839  net operator:  def  
[2016/06/24 21:38:09 628] transport  840  use proxy:  false  
[2016/06/24 21:38:09 628] legacyuup  280  not login!  
[2016/06/24 21:38:09 834] legacyuup  294  UUP_MSG_LGI_RESULT  
[2016/06/24 21:38:09 834] legacyuup  174  [session] send uup request  
[2016/06/24 21:38:09 834] transport  1071 ns_enable =  0  
[2016/06/24 21:38:09 834] legacyuup  131  lver:  nil  
[2016/06/24 21:38:09 834] legacyuup  136  cfg_ver:  nil  
[2016/06/24 21:38:09 835] transport  155  [dns] [0] response 59.107.24.11  
[2016/06/24 21:38:09 835] transport  163  59  107  24  11  
[2016/06/24 21:38:09 835] transport  192  iplist not avail  
[2016/06/24 21:38:09 835] transport  251  no iplist now  
[2016/06/24 21:38:09 835] network    89   iptoenv ,  ipcache  dev.voicecloud.cn  def  59.107.24.11  
[2016/06/24 21:38:09 836] transport  1138 [soc] connect   59.107.24.11  80  
[2016/06/24 21:38:09 836] transport  1155 mspsoc.open,prot_type=  tcp  
[2016/06/24 21:38:09 869] transport  461  [soc] [0] connected  
[2016/06/24 21:38:09 869] transport  1191 build http request.  
[2016/06/24 21:38:09 870] transport  1291 POST /msp.do HTTP/1.1
Host: dev.voicecloud.cn
Content-Type: multipart/mixed;boundary=--
Content-Length: 997
User-Agent: iFLYCloud
Cache-Control: no-cache
Accept: */*

----
CL:168
CT:text/plain

ver=MSSP+0%2E9&sub=asr&cmd=uup&cver=5%2E0%2E16%2E1109&key=0fAMs5bTzw9GlmFKY15UTZ4V0OzrkuJE10QLb^dVFuYQw^HBywnTxKral23oFE33OSbeUMSDy1Uew^eLqyKgihXRmhs5T9hkChPni6sioIoV0=
----
CL:312
CT:binary/userdata+abnf
CE:gzip,encrypt/0.2

ªM‘¬øRñÈúH>¶5m²‚7Ê¶j¹!=®!eÖþ  
[2016/06/24 21:38:09 871] transport  483  [soc] [0] send ok  1172  
[2016/06/24 21:38:09 910] transport  495  [soc] [0] readable  
[2016/06/24 21:38:09 910] transport  1563 HTTP/1.1 200 OK
Content-Type: text/plain
Content-Length: 195
X-Req-Date: 2016/06/24 21:35:01 616
Cache-Control: no-cache
CL: 195
X-Res-Date: 2016/06/24 21:35:01 620

ver=MSSP+0%2E9&ret=0&cver=5%2E0%2E16%2E1109&eid=ff2b728f7bf087f6f470942178d6b0f8&key=0fsutFqtj^L1n4u^zU0S8FmOHmZrujjtndINvDO9cX/Ss^HBywnTxKral23oFE33OSbeUMSDy1Uew^eLqyKgihXRmhs5T9hkChPni6sioIoV0=  
[2016/06/24 21:38:09 910] transport  1310 a_complete_httpmessage  200  
[2016/06/24 21:38:09 910] transport  1419 is_update  true  
[2016/06/24 21:38:09 910] legacyuup  50   [trans] [id = uuplegacyuup_1a69704] readable  
[2016/06/24 21:38:09 911] network    84   ipfromenv ,  ipcache  dev.voicecloud.cn  def  59.107.24.11  
[2016/06/24 21:38:09 911] transport  914  cached ip is confirmed  
[2016/06/24 21:38:09 911] transport  1170 [soc] disconnect   
[2016/06/24 21:38:09 911] legacyuup  60   uup ok!  
[2016/06/24 21:38:09 911] legacyuup  314  SYS_MSG_UNLOAD  
