============================================================
Time  2016/07/08 14:30:50 234 
============================================================
[2016/07/08 14:30:50 234] legacyuup  305  SYS_MSG_LOAD  
[2016/07/08 14:30:50 235] legacyuup  218  UUP_MSG_START  
[2016/07/08 14:30:50 235] legacyuup  220  legacyuup  legacyuup_2a6d25  268436457  1442971637  
[2016/07/08 14:30:50 235] legacyuup  263  User set url is   nil  
[2016/07/08 14:30:50 235] transport  603  paramkvsport is   nil  
[2016/07/08 14:30:50 235] transport  611  ns_enable=  0  
[2016/07/08 14:30:50 235] transport  655  url.full=  nil  
[2016/07/08 14:30:50 235] transport  831  switch 80  
[2016/07/08 14:30:50 235] transport  838  net type:  standard  
[2016/07/08 14:30:50 235] transport  839  net operator:  def  
[2016/07/08 14:30:50 235] transport  840  use proxy:  false  
[2016/07/08 14:30:50 235] legacyuup  280  not login!  
[2016/07/08 14:30:50 342] legacyuup  294  UUP_MSG_LGI_RESULT  
[2016/07/08 14:30:50 342] legacyuup  174  [session] send uup request  
[2016/07/08 14:30:50 342] transport  1071 ns_enable =  0  
[2016/07/08 14:30:50 343] legacyuup  131  lver:  nil  
[2016/07/08 14:30:50 343] legacyuup  136  cfg_ver:  nil  
[2016/07/08 14:30:50 343] transport  155  [dns] [0] response 59.107.24.5  
[2016/07/08 14:30:50 343] transport  163  59  107  24  5  
[2016/07/08 14:30:50 343] transport  192  iplist not avail  
[2016/07/08 14:30:50 343] transport  251  no iplist now  
[2016/07/08 14:30:50 343] network    89   iptoenv ,  ipcache  dev.voicecloud.cn  def  59.107.24.5  
[2016/07/08 14:30:50 344] transport  1138 [soc] connect   59.107.24.5  80  
[2016/07/08 14:30:50 344] transport  1155 mspsoc.open,prot_type=  tcp  
[2016/07/08 14:30:50 377] transport  461  [soc] [0] connected  
[2016/07/08 14:30:50 377] transport  1191 build http request.  
[2016/07/08 14:30:50 378] transport  1291 POST /msp.do HTTP/1.1
Host: dev.voicecloud.cn
Content-Type: multipart/mixed;boundary=--
Content-Length: 997
User-Agent: iFLYCloud
Cache-Control: no-cache
Accept: */*

----
CL:168
CT:text/plain

ver=MSSP+0%2E9&sub=asr&cmd=uup&cver=5%2E0%2E16%2E1109&key=0fsJFwCrJy2xHThZO5bGpINqEllG^mQXIEA3BEgThX0fQ^HBywnTxKral23oFE33OS6DXcx7i7Ir0^eLqyKgihXRmhs5T9hkChPni6sioIoV0=
----
CL:312
CT:binary/userdata+abnf
CE:gzip,encrypt/0.2

-*o–ð (úH>¶5m²‚7Ê¶j¹!=®!eÖþ  
[2016/07/08 14:30:50 379] transport  483  [soc] [0] send ok  1172  
[2016/07/08 14:30:50 419] transport  495  [soc] [0] readable  
[2016/07/08 14:30:50 419] transport  1563 HTTP/1.1 200 OK
Content-Type: text/plain
Content-Length: 195
X-Req-Date: 2016/07/08 14:27:41 393
Cache-Control: no-cache
CL: 195
X-Res-Date: 2016/07/08 14:27:41 402

ver=MSSP+0%2E9&ret=0&cver=5%2E0%2E16%2E1109&eid=c4aa24bd5f698bcbd133222ff0f142b9&key=0fIzrWdlEn4nurSCWTe4fQ2UZjpTv9sRGcV8Mo8Cg7rQE^HBywnTxKral23oFE33OS6DXcx7i7Ir0^eLqyKgihXRmhs5T9hkChPni6sioIoV0=  
[2016/07/08 14:30:50 419] transport  1310 a_complete_httpmessage  200  
[2016/07/08 14:30:50 419] transport  1419 is_update  true  
[2016/07/08 14:30:50 419] legacyuup  50   [trans] [id = uuplegacyuup_2a6d25] readable  
[2016/07/08 14:30:50 419] network    84   ipfromenv ,  ipcache  dev.voicecloud.cn  def  59.107.24.5  
[2016/07/08 14:30:50 420] transport  914  cached ip is confirmed  
[2016/07/08 14:30:50 420] transport  1170 [soc] disconnect   
[2016/07/08 14:30:50 420] legacyuup  60   uup ok!  
