============================================================
Time  2016/06/24 19:41:26 503 
============================================================
[2016/06/24 19:41:26 503] legacyuup  305  SYS_MSG_LOAD  
[2016/06/24 19:41:26 504] legacyuup  218  UUP_MSG_START  
[2016/06/24 19:41:26 504] legacyuup  220  legacyuup  legacyuup_13bbb0e  268436457  1442971637  
[2016/06/24 19:41:26 504] legacyuup  263  User set url is   nil  
[2016/06/24 19:41:26 504] transport  603  paramkvsport is   nil  
[2016/06/24 19:41:26 504] transport  611  ns_enable=  0  
[2016/06/24 19:41:26 504] transport  655  url.full=  nil  
[2016/06/24 19:41:26 504] transport  831  switch 80  
[2016/06/24 19:41:26 504] transport  838  net type:  standard  
[2016/06/24 19:41:26 504] transport  839  net operator:  def  
[2016/06/24 19:41:26 504] transport  840  use proxy:  false  
[2016/06/24 19:41:26 504] legacyuup  280  not login!  
[2016/06/24 19:41:26 604] legacyuup  294  UUP_MSG_LGI_RESULT  
[2016/06/24 19:41:26 604] legacyuup  174  [session] send uup request  
[2016/06/24 19:41:26 604] transport  1071 ns_enable =  0  
[2016/06/24 19:41:26 604] legacyuup  131  lver:  nil  
[2016/06/24 19:41:26 604] legacyuup  136  cfg_ver:  nil  
[2016/06/24 19:41:26 605] transport  155  [dns] [0] response 59.107.24.5  
[2016/06/24 19:41:26 605] transport  163  59  107  24  5  
[2016/06/24 19:41:26 605] transport  199  ip front is  59.107.24  
[2016/06/24 19:41:26 605] transport  265  expected ip  
[2016/06/24 19:41:26 605] network    89   iptoenv ,  ipcache  dev.voicecloud.cn  def  59.107.24.5  
[2016/06/24 19:41:26 605] transport  1138 [soc] connect   59.107.24.5  80  
[2016/06/24 19:41:26 605] transport  1155 mspsoc.open,prot_type=  tcp  
[2016/06/24 19:41:26 637] transport  461  [soc] [0] connected  
[2016/06/24 19:41:26 637] transport  1191 build http request.  
[2016/06/24 19:41:26 637] transport  1291 POST /msp.do HTTP/1.1
Host: dev.voicecloud.cn
Content-Type: multipart/mixed;boundary=--
Content-Length: 997
User-Agent: iFLYCloud
Cache-Control: no-cache
Accept: */*

----
CL:168
CT:text/plain

ver=MSSP+0%2E9&sub=asr&cmd=uup&cver=5%2E0%2E16%2E1109&key=0fUwtm5s9T1muSqvo5xLDwL7BN7nLaohPVLaKt0GZOIl0^HBywnTxKral23oFE33OSertZwC27N3E^eLqyKgihXRmhs5T9hkChPni6sioIoV0=
----
CL:304
CT:binary/userdata+abnf
CE:gzip,encrypt/0.2

°cÔ•IL[úÊ;¶Eeò‚=òæ½!\é75h¯ÿGõO!Yùg>ûøéÑ'dº¶»ÊpÜ>ò[ÝŸ&EÇÁß±ýº39Å	Çºªš›	¥jù2IžgçÊÒA:(²  
[2016/06/24 19:41:26 638] transport  483  [soc] [0] send ok  1172  
[2016/06/24 19:41:26 678] transport  495  [soc] [0] readable  
[2016/06/24 19:41:26 678] transport  1563 HTTP/1.1 200 OK
Content-Type: text/plain
Content-Length: 195
X-Req-Date: 2016/06/24 19:38:34 984
Cache-Control: no-cache
CL: 195
X-Res-Date: 2016/06/24 19:38:34 988

ver=MSSP+0%2E9&ret=0&cver=5%2E0%2E16%2E1109&eid=09bad67088762a2c20db7c615437430b&key=0ftECUBa82qwGzZjavF2YJ5YDYo37IH7cV4DDvIlws/PE^HBywnTxKral23oFE33OSertZwC27N3E^eLqyKgihXRmhs5T9hkChPni6sioIoV0=  
[2016/06/24 19:41:26 678] transport  1310 a_complete_httpmessage  200  
[2016/06/24 19:41:26 678] transport  1419 is_update  true  
[2016/06/24 19:41:26 678] legacyuup  50   [trans] [id = uuplegacyuup_13bbb0e] readable  
[2016/06/24 19:41:26 678] network    84   ipfromenv ,  ipcache  dev.voicecloud.cn  def  59.107.24.5  
[2016/06/24 19:41:26 679] transport  914  cached ip is confirmed  
[2016/06/24 19:41:26 679] transport  1170 [soc] disconnect   
[2016/06/24 19:41:26 679] legacyuup  60   uup ok!  
[2016/06/24 19:41:26 679] legacyuup  314  SYS_MSG_UNLOAD  
