============================================================
Time  2016/07/05 11:09:36 331 
============================================================
[2016/07/05 11:09:36 331] legacyuup  305  SYS_MSG_LOAD  
[2016/07/05 11:09:36 332] legacyuup  218  UUP_MSG_START  
[2016/07/05 11:09:36 332] legacyuup  220  legacyuup  legacyuup_171c28  268436457  1442971637  
[2016/07/05 11:09:36 332] legacyuup  263  User set url is   nil  
[2016/07/05 11:09:36 332] transport  603  paramkvsport is   nil  
[2016/07/05 11:09:36 332] transport  611  ns_enable=  0  
[2016/07/05 11:09:36 333] transport  655  url.full=  nil  
[2016/07/05 11:09:36 333] transport  831  switch 80  
[2016/07/05 11:09:36 333] transport  838  net type:  standard  
[2016/07/05 11:09:36 333] transport  839  net operator:  def  
[2016/07/05 11:09:36 333] transport  840  use proxy:  false  
[2016/07/05 11:09:36 333] legacyuup  280  not login!  
[2016/07/05 11:09:36 412] legacyuup  294  UUP_MSG_LGI_RESULT  
[2016/07/05 11:09:36 412] legacyuup  174  [session] send uup request  
[2016/07/05 11:09:36 412] transport  1071 ns_enable =  0  
[2016/07/05 11:09:36 412] legacyuup  131  lver:  nil  
[2016/07/05 11:09:36 412] legacyuup  136  cfg_ver:  nil  
[2016/07/05 11:09:36 414] transport  155  [dns] [0] response 117.121.21.147  
[2016/07/05 11:09:36 414] transport  163  117  121  21  147  
[2016/07/05 11:09:36 415] transport  192  iplist not avail  
[2016/07/05 11:09:36 415] transport  251  no iplist now  
[2016/07/05 11:09:36 415] network    89   iptoenv ,  ipcache  dev.voicecloud.cn  def  117.121.21.147  
[2016/07/05 11:09:36 415] transport  1138 [soc] connect   117.121.21.147  80  
[2016/07/05 11:09:36 415] transport  1155 mspsoc.open,prot_type=  tcp  
[2016/07/05 11:09:36 459] transport  461  [soc] [0] connected  
[2016/07/05 11:09:36 459] transport  1191 build http request.  
[2016/07/05 11:09:36 460] transport  1291 POST /msp.do HTTP/1.1
Host: dev.voicecloud.cn
Content-Type: multipart/mixed;boundary=--
Content-Length: 1005
User-Agent: iFLYCloud
Cache-Control: no-cache
Accept: */*

----
CL:168
CT:text/plain

ver=MSSP+0%2E9&sub=asr&cmd=uup&cver=5%2E0%2E16%2E1109&key=0f^dmEfkS15O^XyGsX3tD45hhc3z6Xt4PcS5TyF1T/HTI^HBywnTxKral23oFE33OSi4u1Nw7nmtE^eLqyKgihXRmhs5T9hkChPni6sioIoV0=
----
CL:312
CT:binary/userdata+abnf
CE:gzip,encrypt/0.2

Ö]õ?‡!ÏúH>¶5m²‚7Ê¶j¹!=®!eÖþ  
[2016/07/05 11:09:36 461] transport  483  [soc] [0] send ok  1181  
[2016/07/05 11:09:36 500] transport  495  [soc] [0] readable  
[2016/07/05 11:09:36 500] transport  1563 HTTP/1.1 200 OK
Content-Type: text/plain
Content-Length: 195
X-Req-Date: 2016/07/05 11:06:27 164
Cache-Control: no-cache
CL: 195
X-Res-Date: 2016/07/05 11:06:27 167

ver=MSSP+0%2E9&ret=0&cver=5%2E0%2E16%2E1109&eid=81616c5c689195eb0e29d3773401e6c7&key=0fMc1DsPajc9L07UH/2huGn53V03AHSJEqJTbaTeBwxxY^HBywnTxKral23oFE33OSi4u1Nw7nmtE^eLqyKgihXRmhs5T9hkChPni6sioIoV0=  
[2016/07/05 11:09:36 500] transport  1310 a_complete_httpmessage  200  
[2016/07/05 11:09:36 500] transport  1419 is_update  true  
[2016/07/05 11:09:36 500] legacyuup  50   [trans] [id = uuplegacyuup_171c28] readable  
[2016/07/05 11:09:36 501] network    84   ipfromenv ,  ipcache  dev.voicecloud.cn  def  117.121.21.147  
[2016/07/05 11:09:36 501] transport  914  cached ip is confirmed  
[2016/07/05 11:09:36 501] transport  1170 [soc] disconnect   
[2016/07/05 11:09:36 501] legacyuup  60   uup ok!  
[2016/07/05 11:09:36 501] legacyuup  314  SYS_MSG_UNLOAD  
