============================================================
Time  2016/06/25 15:29:43 158 
============================================================
[2016/06/25 15:29:43 158] legacyuup  305  SYS_MSG_LOAD  
[2016/06/25 15:29:43 159] legacyuup  218  UUP_MSG_START  
[2016/06/25 15:29:43 159] legacyuup  220  legacyuup  legacyuup_63b8c5  268436457  1442971637  
[2016/06/25 15:29:43 159] legacyuup  263  User set url is   nil  
[2016/06/25 15:29:43 159] transport  603  paramkvsport is   nil  
[2016/06/25 15:29:43 159] transport  611  ns_enable=  0  
[2016/06/25 15:29:43 159] transport  655  url.full=  nil  
[2016/06/25 15:29:43 159] transport  831  switch 80  
[2016/06/25 15:29:43 159] transport  838  net type:  standard  
[2016/06/25 15:29:43 159] transport  839  net operator:  def  
[2016/06/25 15:29:43 159] transport  840  use proxy:  false  
[2016/06/25 15:29:43 159] legacyuup  280  not login!  
[2016/06/25 15:29:43 266] legacyuup  294  UUP_MSG_LGI_RESULT  
[2016/06/25 15:29:43 266] legacyuup  174  [session] send uup request  
[2016/06/25 15:29:43 266] transport  1071 ns_enable =  0  
[2016/06/25 15:29:43 266] legacyuup  131  lver:  nil  
[2016/06/25 15:29:43 266] legacyuup  136  cfg_ver:  nil  
[2016/06/25 15:29:43 267] transport  155  [dns] [0] response 59.107.24.5  
[2016/06/25 15:29:43 267] transport  163  59  107  24  5  
[2016/06/25 15:29:43 267] transport  192  iplist not avail  
[2016/06/25 15:29:43 267] transport  251  no iplist now  
[2016/06/25 15:29:43 267] network    89   iptoenv ,  ipcache  dev.voicecloud.cn  def  59.107.24.5  
[2016/06/25 15:29:43 267] transport  1138 [soc] connect   59.107.24.5  80  
[2016/06/25 15:29:43 268] transport  1155 mspsoc.open,prot_type=  tcp  
[2016/06/25 15:29:43 301] transport  461  [soc] [0] connected  
[2016/06/25 15:29:43 301] transport  1191 build http request.  
[2016/06/25 15:29:43 301] transport  1291 POST /msp.do HTTP/1.1
Host: dev.voicecloud.cn
Content-Type: multipart/mixed;boundary=--
Content-Length: 1005
User-Agent: iFLYCloud
Cache-Control: no-cache
Accept: */*

----
CL:168
CT:text/plain

ver=MSSP+0%2E9&sub=asr&cmd=uup&cver=5%2E0%2E16%2E1109&key=0ft1VspvxFgLi35OuutMTsPe7gz77h7vYv2u3ahEjdqV0^HBywnTxKral23oFE33OSpOEOAOrpTeQ^eLqyKgihXRmhs5T9hkChPni6sioIoV0=
----
CL:312
CT:binary/userdata+abnf
CE:gzip,encrypt/0.2

mÓñÕx²úH>¶5m²‚7Ê¶j¹!=®!eÖþ  
[2016/06/25 15:29:43 302] transport  483  [soc] [0] send ok  1181  
[2016/06/25 15:29:43 342] transport  495  [soc] [0] readable  
[2016/06/25 15:29:43 342] transport  1563 HTTP/1.1 200 OK
Content-Type: text/plain
Content-Length: 195
X-Req-Date: 2016/06/25 15:26:51 25
Cache-Control: no-cache
CL: 195
X-Res-Date: 2016/06/25 15:26:51 29

ver=MSSP+0%2E9&ret=0&cver=5%2E0%2E16%2E1109&eid=2b9aebb5392ac5236643f8ced68e68be&key=0fM29ULolvr8NMzCfrL8VcrxFgFq8YqQVsk0J/ONOnhW8^HBywnTxKral23oFE33OSpOEOAOrpTeQ^eLqyKgihXRmhs5T9hkChPni6sioIoV0=  
[2016/06/25 15:29:43 342] transport  1310 a_complete_httpmessage  200  
[2016/06/25 15:29:43 342] transport  1419 is_update  true  
[2016/06/25 15:29:43 342] legacyuup  50   [trans] [id = uuplegacyuup_63b8c5] readable  
[2016/06/25 15:29:43 342] network    84   ipfromenv ,  ipcache  dev.voicecloud.cn  def  59.107.24.5  
[2016/06/25 15:29:43 343] transport  914  cached ip is confirmed  
[2016/06/25 15:29:43 343] transport  1170 [soc] disconnect   
[2016/06/25 15:29:43 343] legacyuup  60   uup ok!  
