============================================================
Time  2016/07/07 02:36:46 816 
============================================================
[2016/07/07 02:36:46 816] legacyuup  305  SYS_MSG_LOAD  
[2016/07/07 02:36:46 817] legacyuup  218  UUP_MSG_START  
[2016/07/07 02:36:46 817] legacyuup  220  legacyuup  legacyuup_cc451c  268436457  1442971637  
[2016/07/07 02:36:46 817] legacyuup  263  User set url is   nil  
[2016/07/07 02:36:46 817] transport  603  paramkvsport is   nil  
[2016/07/07 02:36:46 817] transport  611  ns_enable=  0  
[2016/07/07 02:36:46 817] transport  655  url.full=  nil  
[2016/07/07 02:36:46 817] transport  831  switch 80  
[2016/07/07 02:36:46 817] transport  838  net type:  standard  
[2016/07/07 02:36:46 817] transport  839  net operator:  def  
[2016/07/07 02:36:46 817] transport  840  use proxy:  false  
[2016/07/07 02:36:46 817] legacyuup  280  not login!  
[2016/07/07 02:36:46 946] legacyuup  294  UUP_MSG_LGI_RESULT  
[2016/07/07 02:36:46 946] legacyuup  174  [session] send uup request  
[2016/07/07 02:36:46 946] transport  1071 ns_enable =  0  
[2016/07/07 02:36:46 946] legacyuup  131  lver:  nil  
[2016/07/07 02:36:46 946] legacyuup  136  cfg_ver:  nil  
[2016/07/07 02:36:46 947] transport  155  [dns] [0] response 59.107.24.11  
[2016/07/07 02:36:46 947] transport  163  59  107  24  11  
[2016/07/07 02:36:46 947] transport  199  ip front is  59.107.24  
[2016/07/07 02:36:46 947] transport  265  expected ip  
[2016/07/07 02:36:46 947] network    89   iptoenv ,  ipcache  dev.voicecloud.cn  def  59.107.24.11  
[2016/07/07 02:36:46 948] transport  1138 [soc] connect   59.107.24.11  80  
[2016/07/07 02:36:46 948] transport  1155 mspsoc.open,prot_type=  tcp  
[2016/07/07 02:36:46 990] transport  461  [soc] [0] connected  
[2016/07/07 02:36:46 990] transport  1191 build http request.  
[2016/07/07 02:36:46 990] transport  1291 POST /msp.do HTTP/1.1
Host: dev.voicecloud.cn
Content-Type: multipart/mixed;boundary=--
Content-Length: 1005
User-Agent: iFLYCloud
Cache-Control: no-cache
Accept: */*

----
CL:168
CT:text/plain

ver=MSSP+0%2E9&sub=asr&cmd=uup&cver=5%2E0%2E16%2E1109&key=0f1aCMcnzpu/4XCM/D22ZQR5qZFnadpfc5gW/XjPu66Vw^HBywnTxKral23oFE33OSw7ETNgs3sm4^eLqyKgihXRmhs5T9hkChPni6sioIoV0=
----
CL:312
CT:binary/userdata+abnf
CE:gzip,encrypt/0.2

µ¾1É5Å]±úH>¶5m²‚7Ê¶j¹!=®!eÖþ  
[2016/07/07 02:36:46 991] transport  483  [soc] [0] send ok  1181  
[2016/07/07 02:36:47 031] transport  495  [soc] [0] readable  
[2016/07/07 02:36:47 031] transport  1563 HTTP/1.1 200 OK
Content-Type: text/plain
Content-Length: 195
X-Req-Date: 2016/07/07 02:32:56 310
Cache-Control: no-cache
CL: 195
X-Res-Date: 2016/07/07 02:32:56 313

ver=MSSP+0%2E9&ret=0&cver=5%2E0%2E16%2E1109&eid=e628079366ff718b70a65d2840ee29b0&key=0fIuC^xtOUzI0uL7vomtgSLl3yAGSsplBNipF7lWidSp8^HBywnTxKral23oFE33OSw7ETNgs3sm4^eLqyKgihXRmhs5T9hkChPni6sioIoV0=  
[2016/07/07 02:36:47 031] transport  1310 a_complete_httpmessage  200  
[2016/07/07 02:36:47 031] transport  1419 is_update  true  
[2016/07/07 02:36:47 031] legacyuup  50   [trans] [id = uuplegacyuup_cc451c] readable  
[2016/07/07 02:36:47 033] network    84   ipfromenv ,  ipcache  dev.voicecloud.cn  def  59.107.24.11  
[2016/07/07 02:36:47 033] transport  914  cached ip is confirmed  
[2016/07/07 02:36:47 033] transport  1170 [soc] disconnect   
[2016/07/07 02:36:47 033] legacyuup  60   uup ok!  
[2016/07/07 02:36:47 034] legacyuup  314  SYS_MSG_UNLOAD  
