============================================================
Time  2016/07/05 10:58:24 994 
============================================================
[2016/07/05 10:58:24 994] legacyuup  305  SYS_MSG_LOAD  
[2016/07/05 10:58:24 995] legacyuup  218  UUP_MSG_START  
[2016/07/05 10:58:24 995] legacyuup  220  legacyuup  legacyuup_cddc2  268436457  1442971637  
[2016/07/05 10:58:24 995] legacyuup  263  User set url is   nil  
[2016/07/05 10:58:24 995] transport  603  paramkvsport is   nil  
[2016/07/05 10:58:24 995] transport  611  ns_enable=  0  
[2016/07/05 10:58:24 995] transport  655  url.full=  nil  
[2016/07/05 10:58:24 995] transport  831  switch 80  
[2016/07/05 10:58:24 995] transport  838  net type:  standard  
[2016/07/05 10:58:24 995] transport  839  net operator:  def  
[2016/07/05 10:58:24 995] transport  840  use proxy:  false  
[2016/07/05 10:58:24 995] legacyuup  280  not login!  
[2016/07/05 10:58:25 103] legacyuup  294  UUP_MSG_LGI_RESULT  
[2016/07/05 10:58:25 103] legacyuup  174  [session] send uup request  
[2016/07/05 10:58:25 103] transport  1071 ns_enable =  0  
[2016/07/05 10:58:25 103] legacyuup  131  lver:  nil  
[2016/07/05 10:58:25 103] legacyuup  136  cfg_ver:  nil  
[2016/07/05 10:58:25 106] transport  155  [dns] [0] response 117.121.21.147  
[2016/07/05 10:58:25 106] transport  163  117  121  21  147  
[2016/07/05 10:58:25 106] transport  192  iplist not avail  
[2016/07/05 10:58:25 106] transport  251  no iplist now  
[2016/07/05 10:58:25 106] network    89   iptoenv ,  ipcache  dev.voicecloud.cn  def  117.121.21.147  
[2016/07/05 10:58:25 107] transport  1138 [soc] connect   117.121.21.147  80  
[2016/07/05 10:58:25 107] transport  1155 mspsoc.open,prot_type=  tcp  
[2016/07/05 10:58:25 140] transport  461  [soc] [0] connected  
[2016/07/05 10:58:25 140] transport  1191 build http request.  
[2016/07/05 10:58:25 141] transport  1291 POST /msp.do HTTP/1.1
Host: dev.voicecloud.cn
Content-Type: multipart/mixed;boundary=--
Content-Length: 997
User-Agent: iFLYCloud
Cache-Control: no-cache
Accept: */*

----
CL:168
CT:text/plain

ver=MSSP+0%2E9&sub=asr&cmd=uup&cver=5%2E0%2E16%2E1109&key=0fUzGnY85^I8B78KLgs7lcepn^f8Hc1wS925NlxX6tb1M^HBywnTxKral23oFE33OSHDzunA2oDaU^eLqyKgihXRmhs5T9hkChPni6sioIoV0=
----
CL:312
CT:binary/userdata+abnf
CE:gzip,encrypt/0.2

eàøX¤†£úH>¶5m²‚7Ê¶j¹!=®!eÖþ  
[2016/07/05 10:58:25 141] transport  483  [soc] [0] send ok  1172  
[2016/07/05 10:58:25 181] transport  495  [soc] [0] readable  
[2016/07/05 10:58:25 181] transport  1563 HTTP/1.1 200 OK
Content-Type: text/plain
Content-Length: 195
X-Req-Date: 2016/07/05 10:55:15 811
Cache-Control: no-cache
CL: 195
X-Res-Date: 2016/07/05 10:55:15 814

ver=MSSP+0%2E9&ret=0&cver=5%2E0%2E16%2E1109&eid=240e574ac815923d581b5ba1dcbfb6d5&key=0fsCvrCZ09OzzZ2TutM68ahDUEBN/DQfpDHaESauvoWis^HBywnTxKral23oFE33OSHDzunA2oDaU^eLqyKgihXRmhs5T9hkChPni6sioIoV0=  
[2016/07/05 10:58:25 181] transport  1310 a_complete_httpmessage  200  
[2016/07/05 10:58:25 181] transport  1419 is_update  true  
[2016/07/05 10:58:25 181] legacyuup  50   [trans] [id = uuplegacyuup_cddc2] readable  
[2016/07/05 10:58:25 182] network    84   ipfromenv ,  ipcache  dev.voicecloud.cn  def  117.121.21.147  
[2016/07/05 10:58:25 182] transport  914  cached ip is confirmed  
[2016/07/05 10:58:25 182] transport  1170 [soc] disconnect   
[2016/07/05 10:58:25 182] legacyuup  60   uup ok!  
