============================================================
Time  2016/07/07 13:38:23 165 
============================================================
[2016/07/07 13:38:23 165] legacyuup  305  SYS_MSG_LOAD  
[2016/07/07 13:38:23 166] legacyuup  218  UUP_MSG_START  
[2016/07/07 13:38:23 166] legacyuup  220  legacyuup  legacyuup_3a329  268436457  1442971637  
[2016/07/07 13:38:23 166] legacyuup  263  User set url is   nil  
[2016/07/07 13:38:23 166] transport  603  paramkvsport is   nil  
[2016/07/07 13:38:23 166] transport  611  ns_enable=  0  
[2016/07/07 13:38:23 166] transport  655  url.full=  nil  
[2016/07/07 13:38:23 166] transport  831  switch 80  
[2016/07/07 13:38:23 166] transport  838  net type:  standard  
[2016/07/07 13:38:23 166] transport  839  net operator:  def  
[2016/07/07 13:38:23 166] transport  840  use proxy:  false  
[2016/07/07 13:38:23 166] legacyuup  280  not login!  
[2016/07/07 13:38:23 266] legacyuup  294  UUP_MSG_LGI_RESULT  
[2016/07/07 13:38:23 266] legacyuup  174  [session] send uup request  
[2016/07/07 13:38:23 266] transport  1071 ns_enable =  0  
[2016/07/07 13:38:23 267] legacyuup  131  lver:  nil  
[2016/07/07 13:38:23 267] legacyuup  136  cfg_ver:  nil  
[2016/07/07 13:38:23 267] transport  155  [dns] [0] response 59.107.24.5  
[2016/07/07 13:38:23 267] transport  163  59  107  24  5  
[2016/07/07 13:38:23 267] transport  199  ip front is  59.107.24  
[2016/07/07 13:38:23 267] transport  265  expected ip  
[2016/07/07 13:38:23 268] network    89   iptoenv ,  ipcache  dev.voicecloud.cn  def  59.107.24.5  
[2016/07/07 13:38:23 269] transport  1138 [soc] connect   59.107.24.5  80  
[2016/07/07 13:38:23 269] transport  1155 mspsoc.open,prot_type=  tcp  
[2016/07/07 13:38:23 310] transport  461  [soc] [0] connected  
[2016/07/07 13:38:23 310] transport  1191 build http request.  
[2016/07/07 13:38:23 311] transport  1291 POST /msp.do HTTP/1.1
Host: dev.voicecloud.cn
Content-Type: multipart/mixed;boundary=--
Content-Length: 1005
User-Agent: iFLYCloud
Cache-Control: no-cache
Accept: */*

----
CL:168
CT:text/plain

ver=MSSP+0%2E9&sub=asr&cmd=uup&cver=5%2E0%2E16%2E1109&key=0fFyQi2DyLw^5a8xICMJbJpojNPzx6l5gLagHLPyo8P9M^HBywnTxKral23oFE33OSPrV3^ZJtrVc^eLqyKgihXRmhs5T9hkChPni6sioIoV0=
----
CL:312
CT:binary/userdata+abnf
CE:gzip,encrypt/0.2

àN]/úH>¶5m²‚7Ê¶j¹!=®!eÖþ  
[2016/07/07 13:38:23 313] transport  483  [soc] [0] send ok  1181  
[2016/07/07 13:38:23 351] transport  495  [soc] [0] readable  
[2016/07/07 13:38:23 351] transport  1563 HTTP/1.1 200 OK
Content-Type: text/plain
Content-Length: 195
X-Req-Date: 2016/07/07 13:35:14 541
Cache-Control: no-cache
CL: 195
X-Res-Date: 2016/07/07 13:35:14 546

ver=MSSP+0%2E9&ret=0&cver=5%2E0%2E16%2E1109&eid=32233cef78b0624ee102ea136e7ed934&key=0fB^tyK5swDgHBkmy4N4IOSY^AJOPDHo2gs6^EAVXN9uU^HBywnTxKral23oFE33OSPrV3^ZJtrVc^eLqyKgihXRmhs5T9hkChPni6sioIoV0=  
[2016/07/07 13:38:23 351] transport  1310 a_complete_httpmessage  200  
[2016/07/07 13:38:23 351] transport  1419 is_update  true  
[2016/07/07 13:38:23 351] legacyuup  50   [trans] [id = uuplegacyuup_3a329] readable  
[2016/07/07 13:38:23 352] network    84   ipfromenv ,  ipcache  dev.voicecloud.cn  def  59.107.24.5  
[2016/07/07 13:38:23 352] transport  914  cached ip is confirmed  
[2016/07/07 13:38:23 352] transport  1170 [soc] disconnect   
[2016/07/07 13:38:23 352] legacyuup  60   uup ok!  
[2016/07/07 13:38:23 352] legacyuup  314  SYS_MSG_UNLOAD  
