============================================================
Time  2016/07/06 17:10:54 151 
============================================================
[2016/07/06 17:10:54 151] legacyuup  305  SYS_MSG_LOAD  
[2016/07/06 17:10:54 151] legacyuup  218  UUP_MSG_START  
[2016/07/06 17:10:54 151] legacyuup  220  legacyuup  legacyuup_fe722e  268436457  1442971637  
[2016/07/06 17:10:54 151] legacyuup  263  User set url is   nil  
[2016/07/06 17:10:54 151] transport  603  paramkvsport is   nil  
[2016/07/06 17:10:54 151] transport  611  ns_enable=  0  
[2016/07/06 17:10:54 151] transport  655  url.full=  nil  
[2016/07/06 17:10:54 151] transport  831  switch 80  
[2016/07/06 17:10:54 152] transport  838  net type:  standard  
[2016/07/06 17:10:54 152] transport  839  net operator:  def  
[2016/07/06 17:10:54 152] transport  840  use proxy:  false  
[2016/07/06 17:10:54 152] legacyuup  280  not login!  
[2016/07/06 17:10:54 315] legacyuup  294  UUP_MSG_LGI_RESULT  
[2016/07/06 17:10:54 315] legacyuup  174  [session] send uup request  
[2016/07/06 17:10:54 315] transport  1071 ns_enable =  0  
[2016/07/06 17:10:54 316] legacyuup  131  lver:  nil  
[2016/07/06 17:10:54 316] legacyuup  136  cfg_ver:  nil  
[2016/07/06 17:10:54 316] transport  155  [dns] [0] response 59.107.24.11  
[2016/07/06 17:10:54 316] transport  163  59  107  24  11  
[2016/07/06 17:10:54 316] transport  192  iplist not avail  
[2016/07/06 17:10:54 316] transport  251  no iplist now  
[2016/07/06 17:10:54 316] network    89   iptoenv ,  ipcache  dev.voicecloud.cn  def  59.107.24.11  
[2016/07/06 17:10:54 317] transport  1138 [soc] connect   59.107.24.11  80  
[2016/07/06 17:10:54 317] transport  1155 mspsoc.open,prot_type=  tcp  
[2016/07/06 17:10:54 350] transport  461  [soc] [0] connected  
[2016/07/06 17:10:54 350] transport  1191 build http request.  
[2016/07/06 17:10:54 351] transport  1291 POST /msp.do HTTP/1.1
Host: dev.voicecloud.cn
Content-Type: multipart/mixed;boundary=--
Content-Length: 1005
User-Agent: iFLYCloud
Cache-Control: no-cache
Accept: */*

----
CL:168
CT:text/plain

ver=MSSP+0%2E9&sub=asr&cmd=uup&cver=5%2E0%2E16%2E1109&key=0fIzalGzfwJsmKuhGmC3/lA10YOk0dwUZvKFWUv^xqo2Q^HBywnTxKral23oFE33OSN0YduaXNMNQ^eLqyKgihXRmhs5T9hkChPni6sioIoV0=
----
CL:312
CT:binary/userdata+abnf
CE:gzip,encrypt/0.2

…Eï)§p  
[2016/07/06 17:10:54 352] transport  483  [soc] [0] send ok  1181  
[2016/07/06 17:10:54 391] transport  495  [soc] [0] readable  
[2016/07/06 17:10:54 392] transport  1563 HTTP/1.1 200 OK
Content-Type: text/plain
Content-Length: 195
X-Req-Date: 2016/07/06 17:07:04 216
Cache-Control: no-cache
CL: 195
X-Res-Date: 2016/07/06 17:07:04 228

ver=MSSP+0%2E9&ret=0&cver=5%2E0%2E16%2E1109&eid=f20c0c672c2f6743d2f1d54afd48e7ce&key=0fHGijfDvf0vDW1aasaQwM8oUtgJGvltG/uNEDlwjcWrs^HBywnTxKral23oFE33OSN0YduaXNMNQ^eLqyKgihXRmhs5T9hkChPni6sioIoV0=  
[2016/07/06 17:10:54 392] transport  1310 a_complete_httpmessage  200  
[2016/07/06 17:10:54 392] transport  1419 is_update  true  
[2016/07/06 17:10:54 392] legacyuup  50   [trans] [id = uuplegacyuup_fe722e] readable  
[2016/07/06 17:10:54 392] network    84   ipfromenv ,  ipcache  dev.voicecloud.cn  def  59.107.24.11  
[2016/07/06 17:10:54 392] transport  914  cached ip is confirmed  
[2016/07/06 17:10:54 392] transport  1170 [soc] disconnect   
[2016/07/06 17:10:54 393] legacyuup  60   uup ok!  
[2016/07/06 17:10:54 393] legacyuup  314  SYS_MSG_UNLOAD  
