============================================================
Time  2016/07/07 14:17:44 909 
============================================================
[2016/07/07 14:17:44 909] legacyuup  305  SYS_MSG_LOAD  
[2016/07/07 14:17:44 910] legacyuup  218  UUP_MSG_START  
[2016/07/07 14:17:44 910] legacyuup  220  legacyuup  legacyuup_82e43  268436457  1442971637  
[2016/07/07 14:17:44 910] legacyuup  263  User set url is   nil  
[2016/07/07 14:17:44 910] transport  603  paramkvsport is   nil  
[2016/07/07 14:17:44 910] transport  611  ns_enable=  0  
[2016/07/07 14:17:44 910] transport  655  url.full=  nil  
[2016/07/07 14:17:44 910] transport  831  switch 80  
[2016/07/07 14:17:44 911] transport  838  net type:  standard  
[2016/07/07 14:17:44 911] transport  839  net operator:  def  
[2016/07/07 14:17:44 911] transport  840  use proxy:  false  
[2016/07/07 14:17:44 911] legacyuup  280  not login!  
[2016/07/07 14:17:45 023] legacyuup  294  UUP_MSG_LGI_RESULT  
[2016/07/07 14:17:45 023] legacyuup  174  [session] send uup request  
[2016/07/07 14:17:45 023] transport  1071 ns_enable =  0  
[2016/07/07 14:17:45 023] legacyuup  131  lver:  nil  
[2016/07/07 14:17:45 023] legacyuup  136  cfg_ver:  nil  
[2016/07/07 14:17:45 024] transport  155  [dns] [0] response 59.107.24.11  
[2016/07/07 14:17:45 024] transport  163  59  107  24  11  
[2016/07/07 14:17:45 024] transport  192  iplist not avail  
[2016/07/07 14:17:45 024] transport  251  no iplist now  
[2016/07/07 14:17:45 024] network    89   iptoenv ,  ipcache  dev.voicecloud.cn  def  59.107.24.11  
[2016/07/07 14:17:45 025] transport  1138 [soc] connect   59.107.24.11  80  
[2016/07/07 14:17:45 025] transport  1155 mspsoc.open,prot_type=  tcp  
[2016/07/07 14:17:45 058] transport  461  [soc] [0] connected  
[2016/07/07 14:17:45 058] transport  1191 build http request.  
[2016/07/07 14:17:45 059] transport  1291 POST /msp.do HTTP/1.1
Host: dev.voicecloud.cn
Content-Type: multipart/mixed;boundary=--
Content-Length: 1005
User-Agent: iFLYCloud
Cache-Control: no-cache
Accept: */*

----
CL:168
CT:text/plain

ver=MSSP+0%2E9&sub=asr&cmd=uup&cver=5%2E0%2E16%2E1109&key=0fjaa/kp49ZMN4nhE30Es555awiBWdm3y2FbCW9XrE2l0^HBywnTxKral23oFE33OSrVTyRg97hiY^eLqyKgihXRmhs5T9hkChPni6sioIoV0=
----
CL:312
CT:binary/userdata+abnf
CE:gzip,encrypt/0.2

VýC5€ô°úH>¶5m²‚7Ê¶j¹!=®!eÖþ  
[2016/07/07 14:17:45 060] transport  483  [soc] [0] send ok  1181  
[2016/07/07 14:17:45 099] transport  495  [soc] [0] readable  
[2016/07/07 14:17:45 100] transport  1563 HTTP/1.1 200 OK
Content-Type: text/plain
Content-Length: 195
X-Req-Date: 2016/07/07 14:13:52 364
Cache-Control: no-cache
CL: 195
X-Res-Date: 2016/07/07 14:13:52 375

ver=MSSP+0%2E9&ret=0&cver=5%2E0%2E16%2E1109&eid=6281bc0d9d06f509144fa926f5f8566e&key=0fAv5ISAdyjGdGeo1heR6AmNiUwBPgkhyeDiTbzTIkmUg^HBywnTxKral23oFE33OSrVTyRg97hiY^eLqyKgihXRmhs5T9hkChPni6sioIoV0=  
[2016/07/07 14:17:45 100] transport  1310 a_complete_httpmessage  200  
[2016/07/07 14:17:45 100] transport  1419 is_update  true  
[2016/07/07 14:17:45 100] legacyuup  50   [trans] [id = uuplegacyuup_82e43] readable  
[2016/07/07 14:17:45 100] network    84   ipfromenv ,  ipcache  dev.voicecloud.cn  def  59.107.24.11  
[2016/07/07 14:17:45 101] transport  914  cached ip is confirmed  
[2016/07/07 14:17:45 101] transport  1170 [soc] disconnect   
[2016/07/07 14:17:45 101] legacyuup  60   uup ok!  
[2016/07/07 14:17:45 101] legacyuup  314  SYS_MSG_UNLOAD  
