============================================================
Time  2016/07/06 21:06:09 286 
============================================================
[2016/07/06 21:06:09 286] legacyuup  305  SYS_MSG_LOAD  
[2016/07/06 21:06:09 287] legacyuup  218  UUP_MSG_START  
[2016/07/06 21:06:09 287] legacyuup  220  legacyuup  legacyuup_81c0ca  268436457  1442971637  
[2016/07/06 21:06:09 287] legacyuup  263  User set url is   nil  
[2016/07/06 21:06:09 287] transport  603  paramkvsport is   nil  
[2016/07/06 21:06:09 287] transport  611  ns_enable=  0  
[2016/07/06 21:06:09 287] transport  655  url.full=  nil  
[2016/07/06 21:06:09 287] transport  831  switch 80  
[2016/07/06 21:06:09 287] transport  838  net type:  standard  
[2016/07/06 21:06:09 287] transport  839  net operator:  def  
[2016/07/06 21:06:09 287] transport  840  use proxy:  false  
[2016/07/06 21:06:09 287] legacyuup  280  not login!  
[2016/07/06 21:06:09 365] legacyuup  294  UUP_MSG_LGI_RESULT  
[2016/07/06 21:06:09 365] legacyuup  174  [session] send uup request  
[2016/07/06 21:06:09 365] transport  1071 ns_enable =  0  
[2016/07/06 21:06:09 365] legacyuup  131  lver:  nil  
[2016/07/06 21:06:09 365] legacyuup  136  cfg_ver:  nil  
[2016/07/06 21:06:09 365] transport  155  [dns] [0] response 59.107.24.11  
[2016/07/06 21:06:09 365] transport  163  59  107  24  11  
[2016/07/06 21:06:09 365] transport  192  iplist not avail  
[2016/07/06 21:06:09 366] transport  251  no iplist now  
[2016/07/06 21:06:09 366] network    89   iptoenv ,  ipcache  dev.voicecloud.cn  def  59.107.24.11  
[2016/07/06 21:06:09 366] transport  1138 [soc] connect   59.107.24.11  80  
[2016/07/06 21:06:09 366] transport  1155 mspsoc.open,prot_type=  tcp  
[2016/07/06 21:06:09 410] transport  461  [soc] [0] connected  
[2016/07/06 21:06:09 410] transport  1191 build http request.  
[2016/07/06 21:06:09 411] transport  1291 POST /msp.do HTTP/1.1
Host: dev.voicecloud.cn
Content-Type: multipart/mixed;boundary=--
Content-Length: 1005
User-Agent: iFLYCloud
Cache-Control: no-cache
Accept: */*

----
CL:168
CT:text/plain

ver=MSSP+0%2E9&sub=asr&cmd=uup&cver=5%2E0%2E16%2E1109&key=0fsJFwCrJy2xENqPX1pxFVu8n3EJgU3l4ayXVAicZICFE^HBywnTxKral23oFE33OS6z6H6q2LJPE^eLqyKgihXRmhs5T9hkChPni6sioIoV0=
----
CL:312
CT:binary/userdata+abnf
CE:gzip,encrypt/0.2

G¥¦WùÔúH>¶5m²‚7Ê¶j¹!=®!eÖþ  
[2016/07/06 21:06:09 412] transport  483  [soc] [0] send ok  1181  
[2016/07/06 21:06:09 451] transport  495  [soc] [0] readable  
[2016/07/06 21:06:09 451] transport  1563 HTTP/1.1 200 OK
Content-Type: text/plain
Content-Length: 195
X-Req-Date: 2016/07/06 21:02:18 390
Cache-Control: no-cache
CL: 195
X-Res-Date: 2016/07/06 21:02:18 394

ver=MSSP+0%2E9&ret=0&cver=5%2E0%2E16%2E1109&eid=37a7249894c2fc713f9324d088c682af&key=0fcXvzrXwmcbwt6g53WdTHzRQngYJV7LFvTI6beiu/F3Y^HBywnTxKral23oFE33OS6z6H6q2LJPE^eLqyKgihXRmhs5T9hkChPni6sioIoV0=  
[2016/07/06 21:06:09 451] transport  1310 a_complete_httpmessage  200  
[2016/07/06 21:06:09 451] transport  1419 is_update  true  
[2016/07/06 21:06:09 451] legacyuup  50   [trans] [id = uuplegacyuup_81c0ca] readable  
[2016/07/06 21:06:09 452] network    84   ipfromenv ,  ipcache  dev.voicecloud.cn  def  59.107.24.11  
[2016/07/06 21:06:09 452] transport  914  cached ip is confirmed  
[2016/07/06 21:06:09 452] transport  1170 [soc] disconnect   
[2016/07/06 21:06:09 452] legacyuup  60   uup ok!  
[2016/07/06 21:06:09 452] legacyuup  314  SYS_MSG_UNLOAD  
