============================================================
Time  2016/06/25 22:06:21 087 
============================================================
[2016/06/25 22:06:21 087] legacyuup  305  SYS_MSG_LOAD  
[2016/06/25 22:06:21 088] legacyuup  218  UUP_MSG_START  
[2016/06/25 22:06:21 088] legacyuup  220  legacyuup  legacyuup_1ced96e  268436457  1442971637  
[2016/06/25 22:06:21 088] legacyuup  263  User set url is   nil  
[2016/06/25 22:06:21 088] transport  603  paramkvsport is   nil  
[2016/06/25 22:06:21 088] transport  611  ns_enable=  0  
[2016/06/25 22:06:21 088] transport  655  url.full=  nil  
[2016/06/25 22:06:21 088] transport  831  switch 80  
[2016/06/25 22:06:21 088] transport  838  net type:  standard  
[2016/06/25 22:06:21 088] transport  839  net operator:  def  
[2016/06/25 22:06:21 088] transport  840  use proxy:  false  
[2016/06/25 22:06:21 088] legacyuup  280  not login!  
[2016/06/25 22:06:21 292] legacyuup  294  UUP_MSG_LGI_RESULT  
[2016/06/25 22:06:21 292] legacyuup  174  [session] send uup request  
[2016/06/25 22:06:21 292] transport  1071 ns_enable =  0  
[2016/06/25 22:06:21 293] legacyuup  131  lver:  nil  
[2016/06/25 22:06:21 293] legacyuup  136  cfg_ver:  nil  
[2016/06/25 22:06:21 374] transport  155  [dns] [0] response 59.107.24.5  
[2016/06/25 22:06:21 374] transport  163  59  107  24  5  
[2016/06/25 22:06:21 374] transport  192  iplist not avail  
[2016/06/25 22:06:21 374] transport  251  no iplist now  
[2016/06/25 22:06:21 374] network    89   iptoenv ,  ipcache  dev.voicecloud.cn  def  59.107.24.5  
[2016/06/25 22:06:21 375] transport  1138 [soc] connect   59.107.24.5  80  
[2016/06/25 22:06:21 375] transport  1155 mspsoc.open,prot_type=  tcp  
[2016/06/25 22:06:21 406] transport  461  [soc] [0] connected  
[2016/06/25 22:06:21 406] transport  1191 build http request.  
[2016/06/25 22:06:21 407] transport  1291 POST /msp.do HTTP/1.1
Host: dev.voicecloud.cn
Content-Type: multipart/mixed;boundary=--
Content-Length: 1005
User-Agent: iFLYCloud
Cache-Control: no-cache
Accept: */*

----
CL:168
CT:text/plain

ver=MSSP+0%2E9&sub=asr&cmd=uup&cver=5%2E0%2E16%2E1109&key=0faga/V^7y6r4qDU9crCCETSXhg1fDWwXFqd0d4hOpuQI^HBywnTxKral23oFE33OSoESwUlqLULE^eLqyKgihXRmhs5T9hkChPni6sioIoV0=
----
CL:312
CT:binary/userdata+abnf
CE:gzip,encrypt/0.2

‘d„ÿ€ÿúH>¶5m²‚7Ê¶j¹!=®!eÖþ  
[2016/06/25 22:06:21 408] transport  483  [soc] [0] send ok  1181  
[2016/06/25 22:06:21 449] transport  495  [soc] [0] readable  
[2016/06/25 22:06:21 449] transport  1563 HTTP/1.1 200 OK
Content-Type: text/plain
Content-Length: 195
X-Req-Date: 2016/06/25 22:03:30 88
Cache-Control: no-cache
CL: 195
X-Res-Date: 2016/06/25 22:03:30 92

ver=MSSP+0%2E9&ret=0&cver=5%2E0%2E16%2E1109&eid=3de846dab4c115fb133e1f58f28ff8d0&key=0fsutFqtj^L1nz^oMMV4iJhs9fzPHbk14V/U31g06PYk4^HBywnTxKral23oFE33OSoESwUlqLULE^eLqyKgihXRmhs5T9hkChPni6sioIoV0=  
[2016/06/25 22:06:21 449] transport  1310 a_complete_httpmessage  200  
[2016/06/25 22:06:21 449] transport  1419 is_update  true  
[2016/06/25 22:06:21 450] legacyuup  50   [trans] [id = uuplegacyuup_1ced96e] readable  
[2016/06/25 22:06:21 450] network    84   ipfromenv ,  ipcache  dev.voicecloud.cn  def  59.107.24.5  
[2016/06/25 22:06:21 450] transport  914  cached ip is confirmed  
[2016/06/25 22:06:21 450] transport  1170 [soc] disconnect   
[2016/06/25 22:06:21 450] legacyuup  60   uup ok!  
