============================================================
Time  2016/07/05 10:57:04 319 
============================================================
[2016/07/05 10:57:04 319] legacyuup  305  SYS_MSG_LOAD  
[2016/07/05 10:57:04 320] legacyuup  218  UUP_MSG_START  
[2016/07/05 10:57:04 320] legacyuup  220  legacyuup  legacyuup_ba29f  268436457  1442971637  
[2016/07/05 10:57:04 320] legacyuup  263  User set url is   nil  
[2016/07/05 10:57:04 320] transport  603  paramkvsport is   nil  
[2016/07/05 10:57:04 320] transport  611  ns_enable=  0  
[2016/07/05 10:57:04 320] transport  655  url.full=  nil  
[2016/07/05 10:57:04 320] transport  831  switch 80  
[2016/07/05 10:57:04 320] transport  838  net type:  standard  
[2016/07/05 10:57:04 320] transport  839  net operator:  def  
[2016/07/05 10:57:04 320] transport  840  use proxy:  false  
[2016/07/05 10:57:04 320] legacyuup  280  not login!  
[2016/07/05 10:57:04 399] legacyuup  294  UUP_MSG_LGI_RESULT  
[2016/07/05 10:57:04 399] legacyuup  174  [session] send uup request  
[2016/07/05 10:57:04 399] transport  1071 ns_enable =  0  
[2016/07/05 10:57:04 399] legacyuup  131  lver:  nil  
[2016/07/05 10:57:04 399] legacyuup  136  cfg_ver:  nil  
[2016/07/05 10:57:04 402] transport  155  [dns] [0] response 117.121.21.147  
[2016/07/05 10:57:04 402] transport  163  117  121  21  147  
[2016/07/05 10:57:04 402] transport  192  iplist not avail  
[2016/07/05 10:57:04 402] transport  251  no iplist now  
[2016/07/05 10:57:04 403] network    89   iptoenv ,  ipcache  dev.voicecloud.cn  def  117.121.21.147  
[2016/07/05 10:57:04 403] transport  1138 [soc] connect   117.121.21.147  80  
[2016/07/05 10:57:04 403] transport  1155 mspsoc.open,prot_type=  tcp  
[2016/07/05 10:57:04 437] transport  461  [soc] [0] connected  
[2016/07/05 10:57:04 437] transport  1191 build http request.  
[2016/07/05 10:57:04 437] transport  1291 POST /msp.do HTTP/1.1
Host: dev.voicecloud.cn
Content-Type: multipart/mixed;boundary=--
Content-Length: 997
User-Agent: iFLYCloud
Cache-Control: no-cache
Accept: */*

----
CL:168
CT:text/plain

ver=MSSP+0%2E9&sub=asr&cmd=uup&cver=5%2E0%2E16%2E1109&key=0fV3XTSXMNCHEctVCvmBfk^KY5ZYY5OqphcvSFIOeN3JU^HBywnTxKral23oFE33OSsojS^1Gj9vA^eLqyKgihXRmhs5T9hkChPni6sioIoV0=
----
CL:312
CT:binary/userdata+abnf
CE:gzip,encrypt/0.2

.†+°mø,úH>¶5m²‚7Ê¶j¹!=®!eÖþ  
[2016/07/05 10:57:04 438] transport  483  [soc] [0] send ok  1172  
[2016/07/05 10:57:04 478] transport  495  [soc] [0] readable  
[2016/07/05 10:57:04 478] transport  1563 HTTP/1.1 200 OK
Content-Type: text/plain
Content-Length: 195
X-Req-Date: 2016/07/05 10:53:55 104
Cache-Control: no-cache
CL: 195
X-Res-Date: 2016/07/05 10:53:55 108

ver=MSSP+0%2E9&ret=0&cver=5%2E0%2E16%2E1109&eid=911ca2737bfafb2bbafa59aed8ad05be&key=0fZmj6quXyZ^HXfVjWifB1wN2YKr8zpAVFvx^zMqC6cn0^HBywnTxKral23oFE33OSsojS^1Gj9vA^eLqyKgihXRmhs5T9hkChPni6sioIoV0=  
[2016/07/05 10:57:04 478] transport  1310 a_complete_httpmessage  200  
[2016/07/05 10:57:04 478] transport  1419 is_update  true  
[2016/07/05 10:57:04 478] legacyuup  50   [trans] [id = uuplegacyuup_ba29f] readable  
[2016/07/05 10:57:04 479] network    84   ipfromenv ,  ipcache  dev.voicecloud.cn  def  117.121.21.147  
[2016/07/05 10:57:04 479] transport  914  cached ip is confirmed  
[2016/07/05 10:57:04 479] transport  1170 [soc] disconnect   
[2016/07/05 10:57:04 479] legacyuup  60   uup ok!  
