============================================================
Time  2016/07/05 11:24:21 719 
============================================================
[2016/07/05 11:24:21 719] legacyuup  305  SYS_MSG_LOAD  
[2016/07/05 11:24:21 720] legacyuup  218  UUP_MSG_START  
[2016/07/05 11:24:21 720] legacyuup  220  legacyuup  legacyuup_249eb3  268436457  1442971637  
[2016/07/05 11:24:21 720] legacyuup  263  User set url is   nil  
[2016/07/05 11:24:21 720] transport  603  paramkvsport is   nil  
[2016/07/05 11:24:21 720] transport  611  ns_enable=  0  
[2016/07/05 11:24:21 721] transport  655  url.full=  nil  
[2016/07/05 11:24:21 721] transport  831  switch 80  
[2016/07/05 11:24:21 721] transport  838  net type:  standard  
[2016/07/05 11:24:21 721] transport  839  net operator:  def  
[2016/07/05 11:24:21 721] transport  840  use proxy:  false  
[2016/07/05 11:24:21 721] legacyuup  280  not login!  
[2016/07/05 11:24:21 810] legacyuup  294  UUP_MSG_LGI_RESULT  
[2016/07/05 11:24:21 810] legacyuup  174  [session] send uup request  
[2016/07/05 11:24:21 810] transport  1071 ns_enable =  0  
[2016/07/05 11:24:21 810] legacyuup  131  lver:  nil  
[2016/07/05 11:24:21 810] legacyuup  136  cfg_ver:  nil  
[2016/07/05 11:24:21 812] transport  155  [dns] [0] response 117.121.21.146  
[2016/07/05 11:24:21 812] transport  163  117  121  21  146  
[2016/07/05 11:24:21 812] transport  192  iplist not avail  
[2016/07/05 11:24:21 812] transport  251  no iplist now  
[2016/07/05 11:24:21 812] network    89   iptoenv ,  ipcache  dev.voicecloud.cn  def  117.121.21.146  
[2016/07/05 11:24:21 813] transport  1138 [soc] connect   117.121.21.146  80  
[2016/07/05 11:24:21 813] transport  1155 mspsoc.open,prot_type=  tcp  
[2016/07/05 11:24:21 856] transport  461  [soc] [0] connected  
[2016/07/05 11:24:21 857] transport  1191 build http request.  
[2016/07/05 11:24:21 857] transport  1291 POST /msp.do HTTP/1.1
Host: dev.voicecloud.cn
Content-Type: multipart/mixed;boundary=--
Content-Length: 1005
User-Agent: iFLYCloud
Cache-Control: no-cache
Accept: */*

----
CL:168
CT:text/plain

ver=MSSP+0%2E9&sub=asr&cmd=uup&cver=5%2E0%2E16%2E1109&key=0f6ClZDQurBSKLy^X04EkAYIiSH1OroYWXlAmjd/6KYMk^HBywnTxKral23oFE33OSSfh9hnqXCSY^eLqyKgihXRmhs5T9hkChPni6sioIoV0=
----
CL:312
CT:binary/userdata+abnf
CE:gzip,encrypt/0.2

ù0:<Áy˙H>∂5m≤Ç7 ∂jπ!=Æ!e÷˛  
[2016/07/05 11:24:21 858] transport  483  [soc] [0] send ok  1181  
[2016/07/05 11:24:21 898] transport  495  [soc] [0] readable  
[2016/07/05 11:24:21 898] transport  1563 HTTP/1.1 200 OK
Content-Type: text/plain
Content-Length: 195
X-Req-Date: 2016/07/05 11:21:12 599
Cache-Control: no-cache
CL: 195
X-Res-Date: 2016/07/05 11:21:12 602

ver=MSSP+0%2E9&ret=0&cver=5%2E0%2E16%2E1109&eid=486b25bcf53bdbb15e9c4217ff6ae19a&key=0fd6FYFFyWZHkjq5G2Yg3e05ghqyoL6hmvlS25dL8KsCg^HBywnTxKral23oFE33OSSfh9hnqXCSY^eLqyKgihXRmhs5T9hkChPni6sioIoV0=  
[2016/07/05 11:24:21 898] transport  1310 a_complete_httpmessage  200  
[2016/07/05 11:24:21 898] transport  1419 is_update  true  
[2016/07/05 11:24:21 898] legacyuup  50   [trans] [id = uuplegacyuup_249eb3] readable  
[2016/07/05 11:24:21 899] network    84   ipfromenv ,  ipcache  dev.voicecloud.cn  def  117.121.21.146  
[2016/07/05 11:24:21 899] transport  914  cached ip is confirmed  
[2016/07/05 11:24:21 899] transport  1170 [soc] disconnect   
[2016/07/05 11:24:21 899] legacyuup  60   uup ok!  
[2016/07/05 11:24:21 900] legacyuup  314  SYS_MSG_UNLOAD  
