============================================================
Time  2016/07/05 11:26:51 983 
============================================================
[2016/07/05 11:26:51 983] legacyuup  305  SYS_MSG_LOAD  
[2016/07/05 11:26:51 985] legacyuup  218  UUP_MSG_START  
[2016/07/05 11:26:51 985] legacyuup  220  legacyuup  legacyuup_26e9ab  268436457  1442971637  
[2016/07/05 11:26:51 985] legacyuup  263  User set url is   nil  
[2016/07/05 11:26:51 985] transport  603  paramkvsport is   nil  
[2016/07/05 11:26:51 985] transport  611  ns_enable=  0  
[2016/07/05 11:26:51 985] transport  655  url.full=  nil  
[2016/07/05 11:26:51 985] transport  831  switch 80  
[2016/07/05 11:26:51 985] transport  838  net type:  standard  
[2016/07/05 11:26:51 985] transport  839  net operator:  def  
[2016/07/05 11:26:51 985] transport  840  use proxy:  false  
[2016/07/05 11:26:51 985] legacyuup  280  not login!  
[2016/07/05 11:26:52 064] legacyuup  294  UUP_MSG_LGI_RESULT  
[2016/07/05 11:26:52 064] legacyuup  174  [session] send uup request  
[2016/07/05 11:26:52 065] transport  1071 ns_enable =  0  
[2016/07/05 11:26:52 065] legacyuup  131  lver:  nil  
[2016/07/05 11:26:52 065] legacyuup  136  cfg_ver:  nil  
[2016/07/05 11:26:52 068] transport  155  [dns] [0] response 117.121.21.149  
[2016/07/05 11:26:52 068] transport  163  117  121  21  149  
[2016/07/05 11:26:52 068] transport  192  iplist not avail  
[2016/07/05 11:26:52 068] transport  251  no iplist now  
[2016/07/05 11:26:52 068] network    89   iptoenv ,  ipcache  dev.voicecloud.cn  def  117.121.21.149  
[2016/07/05 11:26:52 069] transport  1138 [soc] connect   117.121.21.149  80  
[2016/07/05 11:26:52 069] transport  1155 mspsoc.open,prot_type=  tcp  
[2016/07/05 11:26:52 102] transport  461  [soc] [0] connected  
[2016/07/05 11:26:52 102] transport  1191 build http request.  
[2016/07/05 11:26:52 102] transport  1291 POST /msp.do HTTP/1.1
Host: dev.voicecloud.cn
Content-Type: multipart/mixed;boundary=--
Content-Length: 1005
User-Agent: iFLYCloud
Cache-Control: no-cache
Accept: */*

----
CL:168
CT:text/plain

ver=MSSP+0%2E9&sub=asr&cmd=uup&cver=5%2E0%2E16%2E1109&key=0fyTiO1jnLqipz42oVFa3Xhwa8BkfNQN9S/QKdn1Ff1wc^HBywnTxKral23oFE33OSoMJKfSWK5wg^eLqyKgihXRmhs5T9hkChPni6sioIoV0=
----
CL:312
CT:binary/userdata+abnf
CE:gzip,encrypt/0.2

|3=r7œ–úH>¶5m²‚7Ê¶j¹!=®!eÖþ  
[2016/07/05 11:26:52 104] transport  483  [soc] [0] send ok  1181  
[2016/07/05 11:26:52 143] transport  495  [soc] [0] readable  
[2016/07/05 11:26:52 144] transport  1563 HTTP/1.1 200 OK
Content-Type: text/plain
Content-Length: 195
X-Req-Date: 2016/07/04 23:23:42 854
Cache-Control: no-cache
CL: 195
X-Res-Date: 2016/07/04 23:23:42 857

ver=MSSP+0%2E9&ret=0&cver=5%2E0%2E16%2E1109&eid=e5db2d7929aad5385c7e804677be5c11&key=0fNgQmKTF9OxSLy^X04EkAYJJfCeoIKhSz6N9u9sjCg98^HBywnTxKral23oFE33OSoMJKfSWK5wg^eLqyKgihXRmhs5T9hkChPni6sioIoV0=  
[2016/07/05 11:26:52 144] transport  1310 a_complete_httpmessage  200  
[2016/07/05 11:26:52 144] transport  1419 is_update  true  
[2016/07/05 11:26:52 144] legacyuup  50   [trans] [id = uuplegacyuup_26e9ab] readable  
[2016/07/05 11:26:52 145] network    84   ipfromenv ,  ipcache  dev.voicecloud.cn  def  117.121.21.149  
[2016/07/05 11:26:52 145] transport  914  cached ip is confirmed  
[2016/07/05 11:26:52 145] transport  1170 [soc] disconnect   
[2016/07/05 11:26:52 145] legacyuup  60   uup ok!  
