============================================================
Time  2016/07/06 21:07:54 986 
============================================================
[2016/07/06 21:07:54 986] legacyuup  305  SYS_MSG_LOAD  
[2016/07/06 21:07:54 987] legacyuup  218  UUP_MSG_START  
[2016/07/06 21:07:54 987] legacyuup  220  legacyuup  legacyuup_835dae  268436457  1442971637  
[2016/07/06 21:07:54 987] legacyuup  263  User set url is   nil  
[2016/07/06 21:07:54 987] transport  603  paramkvsport is   nil  
[2016/07/06 21:07:54 987] transport  611  ns_enable=  0  
[2016/07/06 21:07:54 987] transport  655  url.full=  nil  
[2016/07/06 21:07:54 987] transport  831  switch 80  
[2016/07/06 21:07:54 987] transport  838  net type:  standard  
[2016/07/06 21:07:54 987] transport  839  net operator:  def  
[2016/07/06 21:07:54 987] transport  840  use proxy:  false  
[2016/07/06 21:07:54 987] legacyuup  280  not login!  
[2016/07/06 21:07:55 064] legacyuup  294  UUP_MSG_LGI_RESULT  
[2016/07/06 21:07:55 064] legacyuup  174  [session] send uup request  
[2016/07/06 21:07:55 064] transport  1071 ns_enable =  0  
[2016/07/06 21:07:55 065] legacyuup  131  lver:  nil  
[2016/07/06 21:07:55 065] legacyuup  136  cfg_ver:  nil  
[2016/07/06 21:07:55 065] transport  155  [dns] [0] response 59.107.24.5  
[2016/07/06 21:07:55 065] transport  163  59  107  24  5  
[2016/07/06 21:07:55 065] transport  192  iplist not avail  
[2016/07/06 21:07:55 065] transport  251  no iplist now  
[2016/07/06 21:07:55 065] network    89   iptoenv ,  ipcache  dev.voicecloud.cn  def  59.107.24.5  
[2016/07/06 21:07:55 066] transport  1138 [soc] connect   59.107.24.5  80  
[2016/07/06 21:07:55 066] transport  1155 mspsoc.open,prot_type=  tcp  
[2016/07/06 21:07:55 099] transport  461  [soc] [0] connected  
[2016/07/06 21:07:55 099] transport  1191 build http request.  
[2016/07/06 21:07:55 099] transport  1291 POST /msp.do HTTP/1.1
Host: dev.voicecloud.cn
Content-Type: multipart/mixed;boundary=--
Content-Length: 1005
User-Agent: iFLYCloud
Cache-Control: no-cache
Accept: */*

----
CL:168
CT:text/plain

ver=MSSP+0%2E9&sub=asr&cmd=uup&cver=5%2E0%2E16%2E1109&key=0fhwWOqkD/0OVlvB7y5PdodF1mrx8VDUilq7S5I^zi4pM^HBywnTxKral23oFE33OSsPMTme9SNJs^eLqyKgihXRmhs5T9hkChPni6sioIoV0=
----
CL:312
CT:binary/userdata+abnf
CE:gzip,encrypt/0.2

EHmÓ˜mÈúH>¶5m²‚7Ê¶j¹!=®!eÖþ  
[2016/07/06 21:07:55 100] transport  483  [soc] [0] send ok  1181  
[2016/07/06 21:07:55 212] transport  495  [soc] [0] readable  
[2016/07/06 21:07:55 212] transport  1563 HTTP/1.1 200 OK
Content-Type: text/plain
Content-Length: 195
X-Req-Date: 2016/07/06 21:04:46 665
Cache-Control: no-cache
CL: 195
X-Res-Date: 2016/07/06 21:04:46 745

ver=MSSP+0%2E9&ret=0&cver=5%2E0%2E16%2E1109&eid=79e71f624b5ed99401bb0684af8afcc1&key=0fY4tdFC5gmIkOfv4HwhP^cv4SHHDgOWL/LrgSn^/XJkQ^HBywnTxKral23oFE33OSsPMTme9SNJs^eLqyKgihXRmhs5T9hkChPni6sioIoV0=  
[2016/07/06 21:07:55 212] transport  1310 a_complete_httpmessage  200  
[2016/07/06 21:07:55 212] transport  1419 is_update  true  
[2016/07/06 21:07:55 212] legacyuup  50   [trans] [id = uuplegacyuup_835dae] readable  
[2016/07/06 21:07:55 213] network    84   ipfromenv ,  ipcache  dev.voicecloud.cn  def  59.107.24.5  
[2016/07/06 21:07:55 213] transport  914  cached ip is confirmed  
[2016/07/06 21:07:55 213] transport  1170 [soc] disconnect   
[2016/07/06 21:07:55 213] legacyuup  60   uup ok!  
