============================================================
Time  2016/07/06 21:05:57 594 
============================================================
[2016/07/06 21:05:57 594] legacyuup  305  SYS_MSG_LOAD  
[2016/07/06 21:05:57 595] legacyuup  218  UUP_MSG_START  
[2016/07/06 21:05:57 595] legacyuup  220  legacyuup  legacyuup_81931f  268436457  1442971637  
[2016/07/06 21:05:57 595] legacyuup  263  User set url is   nil  
[2016/07/06 21:05:57 595] transport  603  paramkvsport is   nil  
[2016/07/06 21:05:57 595] transport  611  ns_enable=  0  
[2016/07/06 21:05:57 595] transport  655  url.full=  nil  
[2016/07/06 21:05:57 595] transport  831  switch 80  
[2016/07/06 21:05:57 595] transport  838  net type:  standard  
[2016/07/06 21:05:57 595] transport  839  net operator:  def  
[2016/07/06 21:05:57 595] transport  840  use proxy:  false  
[2016/07/06 21:05:57 595] legacyuup  280  not login!  
[2016/07/06 21:05:57 696] legacyuup  294  UUP_MSG_LGI_RESULT  
[2016/07/06 21:05:57 696] legacyuup  174  [session] send uup request  
[2016/07/06 21:05:57 696] transport  1071 ns_enable =  0  
[2016/07/06 21:05:57 696] legacyuup  131  lver:  nil  
[2016/07/06 21:05:57 696] legacyuup  136  cfg_ver:  nil  
[2016/07/06 21:05:57 697] transport  155  [dns] [0] response 59.107.24.11  
[2016/07/06 21:05:57 697] transport  163  59  107  24  11  
[2016/07/06 21:05:57 697] transport  199  ip front is  59.107.24  
[2016/07/06 21:05:57 697] transport  265  expected ip  
[2016/07/06 21:05:57 697] network    89   iptoenv ,  ipcache  dev.voicecloud.cn  def  59.107.24.11  
[2016/07/06 21:05:57 697] transport  1138 [soc] connect   59.107.24.11  80  
[2016/07/06 21:05:57 698] transport  1155 mspsoc.open,prot_type=  tcp  
[2016/07/06 21:05:57 728] transport  461  [soc] [0] connected  
[2016/07/06 21:05:57 728] transport  1191 build http request.  
[2016/07/06 21:05:57 729] transport  1291 POST /msp.do HTTP/1.1
Host: dev.voicecloud.cn
Content-Type: multipart/mixed;boundary=--
Content-Length: 1005
User-Agent: iFLYCloud
Cache-Control: no-cache
Accept: */*

----
CL:168
CT:text/plain

ver=MSSP+0%2E9&sub=asr&cmd=uup&cver=5%2E0%2E16%2E1109&key=0fN4C1asCmrJzeNATCCK0dl^WIiMU/4U8/FsTTSs1w6/k^HBywnTxKral23oFE33OSIaQ3MvOd1do^eLqyKgihXRmhs5T9hkChPni6sioIoV0=
----
CL:312
CT:binary/userdata+abnf
CE:gzip,encrypt/0.2

k&@AçÜúH>¶5m²‚7Ê¶j¹!=®!eÖþ  
[2016/07/06 21:05:57 730] transport  483  [soc] [0] send ok  1181  
[2016/07/06 21:05:57 770] transport  495  [soc] [0] readable  
[2016/07/06 21:05:57 770] transport  1563 HTTP/1.1 200 OK
Content-Type: text/plain
Content-Length: 195
X-Req-Date: 2016/07/06 21:02:06 708
Cache-Control: no-cache
CL: 195
X-Res-Date: 2016/07/06 21:02:06 712

ver=MSSP+0%2E9&ret=0&cver=5%2E0%2E16%2E1109&eid=d0d1162350eae9fc097c827e677d199c&key=0fIzrWdlEn4nuzZjavF2YJ5Q33^Xjg19dYhdOidT0ck/0^HBywnTxKral23oFE33OSIaQ3MvOd1do^eLqyKgihXRmhs5T9hkChPni6sioIoV0=  
[2016/07/06 21:05:57 770] transport  1310 a_complete_httpmessage  200  
[2016/07/06 21:05:57 770] transport  1419 is_update  true  
[2016/07/06 21:05:57 770] legacyuup  50   [trans] [id = uuplegacyuup_81931f] readable  
[2016/07/06 21:05:57 771] network    84   ipfromenv ,  ipcache  dev.voicecloud.cn  def  59.107.24.11  
[2016/07/06 21:05:57 771] transport  914  cached ip is confirmed  
[2016/07/06 21:05:57 771] transport  1170 [soc] disconnect   
[2016/07/06 21:05:57 772] legacyuup  60   uup ok!  
[2016/07/06 21:05:57 772] legacyuup  314  SYS_MSG_UNLOAD  
