============================================================
Time  2016/07/06 21:15:31 275 
============================================================
[2016/07/06 21:15:31 275] legacyuup  305  SYS_MSG_LOAD  
[2016/07/06 21:15:31 276] legacyuup  218  UUP_MSG_START  
[2016/07/06 21:15:31 276] legacyuup  220  legacyuup  legacyuup_8a5410  268436457  1442971637  
[2016/07/06 21:15:31 276] legacyuup  263  User set url is   nil  
[2016/07/06 21:15:31 276] transport  603  paramkvsport is   nil  
[2016/07/06 21:15:31 276] transport  611  ns_enable=  0  
[2016/07/06 21:15:31 276] transport  655  url.full=  nil  
[2016/07/06 21:15:31 277] transport  831  switch 80  
[2016/07/06 21:15:31 277] transport  838  net type:  standard  
[2016/07/06 21:15:31 277] transport  839  net operator:  def  
[2016/07/06 21:15:31 277] transport  840  use proxy:  false  
[2016/07/06 21:15:31 277] legacyuup  280  not login!  
[2016/07/06 21:15:31 354] legacyuup  294  UUP_MSG_LGI_RESULT  
[2016/07/06 21:15:31 354] legacyuup  174  [session] send uup request  
[2016/07/06 21:15:31 354] transport  1071 ns_enable =  0  
[2016/07/06 21:15:31 354] legacyuup  131  lver:  nil  
[2016/07/06 21:15:31 354] legacyuup  136  cfg_ver:  nil  
[2016/07/06 21:15:31 355] transport  155  [dns] [0] response 59.107.24.5  
[2016/07/06 21:15:31 355] transport  163  59  107  24  5  
[2016/07/06 21:15:31 355] transport  192  iplist not avail  
[2016/07/06 21:15:31 355] transport  251  no iplist now  
[2016/07/06 21:15:31 355] network    89   iptoenv ,  ipcache  dev.voicecloud.cn  def  59.107.24.5  
[2016/07/06 21:15:31 356] transport  1138 [soc] connect   59.107.24.5  80  
[2016/07/06 21:15:31 356] transport  1155 mspsoc.open,prot_type=  tcp  
[2016/07/06 21:15:31 400] transport  461  [soc] [0] connected  
[2016/07/06 21:15:31 400] transport  1191 build http request.  
[2016/07/06 21:15:31 400] transport  1291 POST /msp.do HTTP/1.1
Host: dev.voicecloud.cn
Content-Type: multipart/mixed;boundary=--
Content-Length: 1005
User-Agent: iFLYCloud
Cache-Control: no-cache
Accept: */*

----
CL:168
CT:text/plain

ver=MSSP+0%2E9&sub=asr&cmd=uup&cver=5%2E0%2E16%2E1109&key=0fTnJKWnleS/0XuFViPpI/0g1hVWnHOvdv7LnWJ7gKKAk^HBywnTxKral23oFE33OSjrfEOsr1C2A^eLqyKgihXRmhs5T9hkChPni6sioIoV0=
----
CL:312
CT:binary/userdata+abnf
CE:gzip,encrypt/0.2

jVZ'ðã_&úH>¶5m²‚7Ê¶j¹!=®!eÖþ  
[2016/07/06 21:15:31 402] transport  483  [soc] [0] send ok  1181  
[2016/07/06 21:15:31 492] transport  495  [soc] [0] readable  
[2016/07/06 21:15:31 492] transport  1563 HTTP/1.1 200 OK
Content-Type: text/plain
Content-Length: 195
X-Req-Date: 2016/07/06 21:12:23 5
Cache-Control: no-cache
CL: 195
X-Res-Date: 2016/07/06 21:12:23 36

ver=MSSP+0%2E9&ret=0&cver=5%2E0%2E16%2E1109&eid=4fbe4eb09641b658146cc135733c1ed7&key=0fbkQwFe^cKga3hGAGX6RJTHHfO4J8NNFJCZw7UtY1SqM^HBywnTxKral23oFE33OSjrfEOsr1C2A^eLqyKgihXRmhs5T9hkChPni6sioIoV0=  
[2016/07/06 21:15:31 492] transport  1310 a_complete_httpmessage  200  
[2016/07/06 21:15:31 492] transport  1419 is_update  true  
[2016/07/06 21:15:31 492] legacyuup  50   [trans] [id = uuplegacyuup_8a5410] readable  
[2016/07/06 21:15:31 493] network    84   ipfromenv ,  ipcache  dev.voicecloud.cn  def  59.107.24.5  
[2016/07/06 21:15:31 493] transport  914  cached ip is confirmed  
[2016/07/06 21:15:31 493] transport  1170 [soc] disconnect   
[2016/07/06 21:15:31 493] legacyuup  60   uup ok!  
[2016/07/06 21:15:31 493] legacyuup  314  SYS_MSG_UNLOAD  
