============================================================
Time  2016/07/06 02:22:41 747 
============================================================
[2016/07/06 02:22:41 747] legacyuup  305  SYS_MSG_LOAD  
[2016/07/06 02:22:41 748] legacyuup  218  UUP_MSG_START  
[2016/07/06 02:22:41 748] legacyuup  220  legacyuup  legacyuup_bf600f  268436457  1442971637  
[2016/07/06 02:22:41 748] legacyuup  263  User set url is   nil  
[2016/07/06 02:22:41 748] transport  603  paramkvsport is   nil  
[2016/07/06 02:22:41 748] transport  611  ns_enable=  0  
[2016/07/06 02:22:41 748] transport  655  url.full=  nil  
[2016/07/06 02:22:41 748] transport  831  switch 80  
[2016/07/06 02:22:41 748] transport  838  net type:  standard  
[2016/07/06 02:22:41 748] transport  839  net operator:  def  
[2016/07/06 02:22:41 748] transport  840  use proxy:  false  
[2016/07/06 02:22:41 748] legacyuup  280  not login!  
[2016/07/06 02:22:41 826] legacyuup  294  UUP_MSG_LGI_RESULT  
[2016/07/06 02:22:41 826] legacyuup  174  [session] send uup request  
[2016/07/06 02:22:41 826] transport  1071 ns_enable =  0  
[2016/07/06 02:22:41 826] legacyuup  131  lver:  nil  
[2016/07/06 02:22:41 826] legacyuup  136  cfg_ver:  nil  
[2016/07/06 02:22:41 828] transport  155  [dns] [0] response 117.121.21.147  
[2016/07/06 02:22:41 828] transport  163  117  121  21  147  
[2016/07/06 02:22:41 828] transport  192  iplist not avail  
[2016/07/06 02:22:41 829] transport  251  no iplist now  
[2016/07/06 02:22:41 829] network    89   iptoenv ,  ipcache  dev.voicecloud.cn  def  117.121.21.147  
[2016/07/06 02:22:41 829] transport  1138 [soc] connect   117.121.21.147  80  
[2016/07/06 02:22:41 829] transport  1155 mspsoc.open,prot_type=  tcp  
[2016/07/06 02:22:41 863] transport  461  [soc] [0] connected  
[2016/07/06 02:22:41 863] transport  1191 build http request.  
[2016/07/06 02:22:41 863] transport  1291 POST /msp.do HTTP/1.1
Host: dev.voicecloud.cn
Content-Type: multipart/mixed;boundary=--
Content-Length: 1005
User-Agent: iFLYCloud
Cache-Control: no-cache
Accept: */*

----
CL:168
CT:text/plain

ver=MSSP+0%2E9&sub=asr&cmd=uup&cver=5%2E0%2E16%2E1109&key=0fSOV1I/yl6tTQ0vOtDsAq4F4y2jMyHD5/8nSR3tUyFkM^HBywnTxKral23oFE33OS5mn9DP8G^DM^eLqyKgihXRmhs5T9hkChPni6sioIoV0=
----
CL:312
CT:binary/userdata+abnf
CE:gzip,encrypt/0.2

œnÓ¦óŽÄúH>¶5m²‚7Ê¶j¹!=®!eÖþ  
[2016/07/06 02:22:41 865] transport  483  [soc] [0] send ok  1181  
[2016/07/06 02:22:41 904] transport  495  [soc] [0] readable  
[2016/07/06 02:22:41 904] transport  1563 HTTP/1.1 200 OK
Content-Type: text/plain
Content-Length: 195
X-Req-Date: 2016/07/06 02:19:33 531
Cache-Control: no-cache
CL: 195
X-Res-Date: 2016/07/06 02:19:33 535

ver=MSSP+0%2E9&ret=0&cver=5%2E0%2E16%2E1109&eid=b465729ee7db639463bc2e48993e36e3&key=0fGCKLcBNt^bWOiTT7YOMueEX5HBY1Kx41IcqeE8cVvtQ^HBywnTxKral23oFE33OS5mn9DP8G^DM^eLqyKgihXRmhs5T9hkChPni6sioIoV0=  
[2016/07/06 02:22:41 904] transport  1310 a_complete_httpmessage  200  
[2016/07/06 02:22:41 904] transport  1419 is_update  true  
[2016/07/06 02:22:41 904] legacyuup  50   [trans] [id = uuplegacyuup_bf600f] readable  
[2016/07/06 02:22:41 905] network    84   ipfromenv ,  ipcache  dev.voicecloud.cn  def  117.121.21.147  
[2016/07/06 02:22:41 905] transport  914  cached ip is confirmed  
[2016/07/06 02:22:41 905] transport  1170 [soc] disconnect   
[2016/07/06 02:22:41 905] legacyuup  60   uup ok!  
