============================================================
Time  2016/06/25 14:57:14 511 
============================================================
[2016/06/25 14:57:14 511] legacyuup  305  SYS_MSG_LOAD  
[2016/06/25 14:57:14 511] legacyuup  218  UUP_MSG_START  
[2016/06/25 14:57:14 511] legacyuup  220  legacyuup  legacyuup_45fcde  268436457  1442971637  
[2016/06/25 14:57:14 511] legacyuup  263  User set url is   nil  
[2016/06/25 14:57:14 511] transport  603  paramkvsport is   nil  
[2016/06/25 14:57:14 511] transport  611  ns_enable=  0  
[2016/06/25 14:57:14 511] transport  655  url.full=  nil  
[2016/06/25 14:57:14 511] transport  831  switch 80  
[2016/06/25 14:57:14 511] transport  838  net type:  standard  
[2016/06/25 14:57:14 511] transport  839  net operator:  def  
[2016/06/25 14:57:14 511] transport  840  use proxy:  false  
[2016/06/25 14:57:14 511] legacyuup  280  not login!  
[2016/06/25 14:57:14 661] legacyuup  294  UUP_MSG_LGI_RESULT  
[2016/06/25 14:57:14 661] legacyuup  174  [session] send uup request  
[2016/06/25 14:57:14 661] transport  1071 ns_enable =  0  
[2016/06/25 14:57:14 662] legacyuup  131  lver:  nil  
[2016/06/25 14:57:14 662] legacyuup  136  cfg_ver:  nil  
[2016/06/25 14:57:14 662] transport  155  [dns] [0] response 59.107.24.5  
[2016/06/25 14:57:14 662] transport  163  59  107  24  5  
[2016/06/25 14:57:14 662] transport  192  iplist not avail  
[2016/06/25 14:57:14 662] transport  251  no iplist now  
[2016/06/25 14:57:14 663] network    89   iptoenv ,  ipcache  dev.voicecloud.cn  def  59.107.24.5  
[2016/06/25 14:57:14 663] transport  1138 [soc] connect   59.107.24.5  80  
[2016/06/25 14:57:14 663] transport  1155 mspsoc.open,prot_type=  tcp  
[2016/06/25 14:57:14 696] transport  461  [soc] [0] connected  
[2016/06/25 14:57:14 696] transport  1191 build http request.  
[2016/06/25 14:57:14 697] transport  1291 POST /msp.do HTTP/1.1
Host: dev.voicecloud.cn
Content-Type: multipart/mixed;boundary=--
Content-Length: 1005
User-Agent: iFLYCloud
Cache-Control: no-cache
Accept: */*

----
CL:168
CT:text/plain

ver=MSSP+0%2E9&sub=asr&cmd=uup&cver=5%2E0%2E16%2E1109&key=0fofCWoIJTsGAGabY95k4WwDcC5ZJVY0anHNDJOcwbIG4^HBywnTxKral23oFE33OSZ^x0S8rq^0I^eLqyKgihXRmhs5T9hkChPni6sioIoV0=
----
CL:312
CT:binary/userdata+abnf
CE:gzip,encrypt/0.2

šKgÅ·Ý/òúH>¶5m²‚7Ê¶j¹!=®!eÖþ  
[2016/06/25 14:57:14 698] transport  483  [soc] [0] send ok  1181  
[2016/06/25 14:57:14 737] transport  495  [soc] [0] readable  
[2016/06/25 14:57:14 737] transport  1563 HTTP/1.1 200 OK
Content-Type: text/plain
Content-Length: 195
X-Req-Date: 2016/06/25 14:54:22 338
Cache-Control: no-cache
CL: 195
X-Res-Date: 2016/06/25 14:54:22 342

ver=MSSP+0%2E9&ret=0&cver=5%2E0%2E16%2E1109&eid=593144a67e5f6a6ef89ca6a206b3a07e&key=0fFCdK9I2rAweHHBS1gY2t6WfEjCGJkdxjL8vv9SeSYVs^HBywnTxKral23oFE33OSZ^x0S8rq^0I^eLqyKgihXRmhs5T9hkChPni6sioIoV0=  
[2016/06/25 14:57:14 737] transport  1310 a_complete_httpmessage  200  
[2016/06/25 14:57:14 737] transport  1419 is_update  true  
[2016/06/25 14:57:14 737] legacyuup  50   [trans] [id = uuplegacyuup_45fcde] readable  
[2016/06/25 14:57:14 738] network    84   ipfromenv ,  ipcache  dev.voicecloud.cn  def  59.107.24.5  
[2016/06/25 14:57:14 738] transport  914  cached ip is confirmed  
[2016/06/25 14:57:14 738] transport  1170 [soc] disconnect   
[2016/06/25 14:57:14 738] legacyuup  60   uup ok!  
[2016/06/25 14:57:14 738] legacyuup  314  SYS_MSG_UNLOAD  
