============================================================
Time  2016/07/06 21:33:45 527 
============================================================
[2016/07/06 21:33:45 527] legacyuup  305  SYS_MSG_LOAD  
[2016/07/06 21:33:45 528] legacyuup  218  UUP_MSG_START  
[2016/07/06 21:33:45 528] legacyuup  220  legacyuup  legacyuup_9b067c  268436457  1442971637  
[2016/07/06 21:33:45 528] legacyuup  263  User set url is   nil  
[2016/07/06 21:33:45 528] transport  603  paramkvsport is   nil  
[2016/07/06 21:33:45 528] transport  611  ns_enable=  0  
[2016/07/06 21:33:45 528] transport  655  url.full=  nil  
[2016/07/06 21:33:45 528] transport  831  switch 80  
[2016/07/06 21:33:45 528] transport  838  net type:  standard  
[2016/07/06 21:33:45 528] transport  839  net operator:  def  
[2016/07/06 21:33:45 528] transport  840  use proxy:  false  
[2016/07/06 21:33:45 528] legacyuup  280  not login!  
[2016/07/06 21:33:45 606] legacyuup  294  UUP_MSG_LGI_RESULT  
[2016/07/06 21:33:45 606] legacyuup  174  [session] send uup request  
[2016/07/06 21:33:45 606] transport  1071 ns_enable =  0  
[2016/07/06 21:33:45 606] legacyuup  131  lver:  nil  
[2016/07/06 21:33:45 606] legacyuup  136  cfg_ver:  nil  
[2016/07/06 21:33:45 607] transport  155  [dns] [0] response 59.107.24.5  
[2016/07/06 21:33:45 607] transport  163  59  107  24  5  
[2016/07/06 21:33:45 607] transport  192  iplist not avail  
[2016/07/06 21:33:45 607] transport  251  no iplist now  
[2016/07/06 21:33:45 607] network    89   iptoenv ,  ipcache  dev.voicecloud.cn  def  59.107.24.5  
[2016/07/06 21:33:45 608] transport  1138 [soc] connect   59.107.24.5  80  
[2016/07/06 21:33:45 608] transport  1155 mspsoc.open,prot_type=  tcp  
[2016/07/06 21:33:45 641] transport  461  [soc] [0] connected  
[2016/07/06 21:33:45 641] transport  1191 build http request.  
[2016/07/06 21:33:45 642] transport  1291 POST /msp.do HTTP/1.1
Host: dev.voicecloud.cn
Content-Type: multipart/mixed;boundary=--
Content-Length: 1005
User-Agent: iFLYCloud
Cache-Control: no-cache
Accept: */*

----
CL:168
CT:text/plain

ver=MSSP+0%2E9&sub=asr&cmd=uup&cver=5%2E0%2E16%2E1109&key=0fjaa/kp49ZMOHTp4gipQrdyZwUkIS/dvXq^9YFz2bakE^HBywnTxKral23oFE33OSIpStcdOR4yQ^eLqyKgihXRmhs5T9hkChPni6sioIoV0=
----
CL:312
CT:binary/userdata+abnf
CE:gzip,encrypt/0.2

(¨@Ö2ÆúH>¶5m²‚7Ê¶j¹!=®!eÖþ  
[2016/07/06 21:33:45 643] transport  483  [soc] [0] send ok  1181  
[2016/07/06 21:33:45 672] transport  495  [soc] [0] readable  
[2016/07/06 21:33:45 672] transport  1563 HTTP/1.1 200 OK
Content-Type: text/plain
Content-Length: 195
X-Req-Date: 2016/07/06 21:30:37 271
Cache-Control: no-cache
CL: 195
X-Res-Date: 2016/07/06 21:30:37 275

ver=MSSP+0%2E9&ret=0&cver=5%2E0%2E16%2E1109&eid=ceef1a9acf0228acfe302530d9429fdd&key=0frZLmXCZGyUjMClgYFgRkiNUQA3o1Jf5B4ZWKKQZknXY^HBywnTxKral23oFE33OSIpStcdOR4yQ^eLqyKgihXRmhs5T9hkChPni6sioIoV0=  
[2016/07/06 21:33:45 672] transport  1310 a_complete_httpmessage  200  
[2016/07/06 21:33:45 672] transport  1419 is_update  true  
[2016/07/06 21:33:45 672] legacyuup  50   [trans] [id = uuplegacyuup_9b067c] readable  
[2016/07/06 21:33:45 673] network    84   ipfromenv ,  ipcache  dev.voicecloud.cn  def  59.107.24.5  
[2016/07/06 21:33:45 673] transport  914  cached ip is confirmed  
[2016/07/06 21:33:45 673] transport  1170 [soc] disconnect   
[2016/07/06 21:33:45 673] legacyuup  60   uup ok!  
[2016/07/06 21:33:45 674] legacyuup  314  SYS_MSG_UNLOAD  
