============================================================
Time  2016/06/24 19:40:08 548 
============================================================
[2016/06/24 19:40:08 548] legacyuup  305  SYS_MSG_LOAD  
[2016/06/24 19:40:08 549] legacyuup  218  UUP_MSG_START  
[2016/06/24 19:40:08 549] legacyuup  220  legacyuup  legacyuup_13a8a8a  268436457  1442971637  
[2016/06/24 19:40:08 549] legacyuup  263  User set url is   nil  
[2016/06/24 19:40:08 549] transport  603  paramkvsport is   nil  
[2016/06/24 19:40:08 549] transport  611  ns_enable=  0  
[2016/06/24 19:40:08 549] transport  655  url.full=  nil  
[2016/06/24 19:40:08 549] transport  831  switch 80  
[2016/06/24 19:40:08 549] transport  838  net type:  standard  
[2016/06/24 19:40:08 549] transport  839  net operator:  def  
[2016/06/24 19:40:08 549] transport  840  use proxy:  false  
[2016/06/24 19:40:08 549] legacyuup  280  not login!  
[2016/06/24 19:40:08 664] legacyuup  294  UUP_MSG_LGI_RESULT  
[2016/06/24 19:40:08 664] legacyuup  174  [session] send uup request  
[2016/06/24 19:40:08 664] transport  1071 ns_enable =  0  
[2016/06/24 19:40:08 664] legacyuup  131  lver:  nil  
[2016/06/24 19:40:08 664] legacyuup  136  cfg_ver:  nil  
[2016/06/24 19:40:08 664] transport  155  [dns] [0] response 59.107.24.5  
[2016/06/24 19:40:08 664] transport  163  59  107  24  5  
[2016/06/24 19:40:08 664] transport  192  iplist not avail  
[2016/06/24 19:40:08 665] transport  251  no iplist now  
[2016/06/24 19:40:08 665] network    89   iptoenv ,  ipcache  dev.voicecloud.cn  def  59.107.24.5  
[2016/06/24 19:40:08 665] transport  1138 [soc] connect   59.107.24.5  80  
[2016/06/24 19:40:08 665] transport  1155 mspsoc.open,prot_type=  tcp  
[2016/06/24 19:40:08 698] transport  461  [soc] [0] connected  
[2016/06/24 19:40:08 698] transport  1191 build http request.  
[2016/06/24 19:40:08 699] transport  1291 POST /msp.do HTTP/1.1
Host: dev.voicecloud.cn
Content-Type: multipart/mixed;boundary=--
Content-Length: 989
User-Agent: iFLYCloud
Cache-Control: no-cache
Accept: */*

----
CL:168
CT:text/plain

ver=MSSP+0%2E9&sub=asr&cmd=uup&cver=5%2E0%2E16%2E1109&key=0ftsauPgbya0YGSP4fVwR3xeuqWbO^K/5XjNZNkzKGtfo^HBywnTxKral23oFE33OSMbOowam186g^eLqyKgihXRmhs5T9hkChPni6sioIoV0=
----
CL:304
CT:binary/userdata+abnf
CE:gzip,encrypt/0.2

)ü{Õ¨"wúÊ;¶Eeò‚=òæ½!\é75h¯ÿGõO!Yùg>ûøéÑ'dº¶»ÊpÜ>ò[ÝŸ&EÇÁß±ýº39Å	Çºªš›	¥jù2XJ CŒÔ":(²  
[2016/06/24 19:40:08 700] transport  483  [soc] [0] send ok  1164  
[2016/06/24 19:40:08 739] transport  495  [soc] [0] readable  
[2016/06/24 19:40:08 740] transport  1563 HTTP/1.1 200 OK
Content-Type: text/plain
Content-Length: 195
X-Req-Date: 2016/06/24 19:37:17 43
Cache-Control: no-cache
CL: 195
X-Res-Date: 2016/06/24 19:37:17 46

ver=MSSP+0%2E9&ret=0&cver=5%2E0%2E16%2E1109&eid=8bf3183daaf9d5e2fcc672f7daedc5f5&key=0fzD4ZOjosEKFauAHGxofm73^b^9^KFKNMwarv7NfdUDc^HBywnTxKral23oFE33OSMbOowam186g^eLqyKgihXRmhs5T9hkChPni6sioIoV0=  
[2016/06/24 19:40:08 740] transport  1310 a_complete_httpmessage  200  
[2016/06/24 19:40:08 740] transport  1419 is_update  true  
[2016/06/24 19:40:08 740] legacyuup  50   [trans] [id = uuplegacyuup_13a8a8a] readable  
[2016/06/24 19:40:08 740] network    84   ipfromenv ,  ipcache  dev.voicecloud.cn  def  59.107.24.5  
[2016/06/24 19:40:08 740] transport  914  cached ip is confirmed  
[2016/06/24 19:40:08 740] transport  1170 [soc] disconnect   
[2016/06/24 19:40:08 741] legacyuup  60   uup ok!  
[2016/06/24 19:40:08 741] legacyuup  314  SYS_MSG_UNLOAD  
