============================================================
Time  2016/07/06 11:07:05 505 
============================================================
[2016/07/06 11:07:05 505] legacyuup  305  SYS_MSG_LOAD  
[2016/07/06 11:07:05 506] legacyuup  218  UUP_MSG_START  
[2016/07/06 11:07:05 506] legacyuup  220  legacyuup  legacyuup_52e1a9  268436457  1442971637  
[2016/07/06 11:07:05 506] legacyuup  263  User set url is   nil  
[2016/07/06 11:07:05 506] transport  603  paramkvsport is   nil  
[2016/07/06 11:07:05 506] transport  611  ns_enable=  0  
[2016/07/06 11:07:05 506] transport  655  url.full=  nil  
[2016/07/06 11:07:05 506] transport  831  switch 80  
[2016/07/06 11:07:05 506] transport  838  net type:  standard  
[2016/07/06 11:07:05 506] transport  839  net operator:  def  
[2016/07/06 11:07:05 506] transport  840  use proxy:  false  
[2016/07/06 11:07:05 506] legacyuup  280  not login!  
[2016/07/06 11:07:05 607] legacyuup  294  UUP_MSG_LGI_RESULT  
[2016/07/06 11:07:05 607] legacyuup  174  [session] send uup request  
[2016/07/06 11:07:05 607] transport  1071 ns_enable =  0  
[2016/07/06 11:07:05 607] legacyuup  131  lver:  nil  
[2016/07/06 11:07:05 607] legacyuup  136  cfg_ver:  nil  
[2016/07/06 11:07:05 610] transport  155  [dns] [0] response 117.121.21.147  
[2016/07/06 11:07:05 611] transport  163  117  121  21  147  
[2016/07/06 11:07:05 611] transport  199  ip front is  117.121.21  
[2016/07/06 11:07:05 611] transport  265  expected ip  
[2016/07/06 11:07:05 611] network    89   iptoenv ,  ipcache  dev.voicecloud.cn  def  117.121.21.147  
[2016/07/06 11:07:05 612] transport  1138 [soc] connect   117.121.21.147  80  
[2016/07/06 11:07:05 612] transport  1155 mspsoc.open,prot_type=  tcp  
[2016/07/06 11:07:05 653] transport  461  [soc] [0] connected  
[2016/07/06 11:07:05 653] transport  1191 build http request.  
[2016/07/06 11:07:05 654] transport  1291 POST /msp.do HTTP/1.1
Host: dev.voicecloud.cn
Content-Type: multipart/mixed;boundary=--
Content-Length: 1005
User-Agent: iFLYCloud
Cache-Control: no-cache
Accept: */*

----
CL:168
CT:text/plain

ver=MSSP+0%2E9&sub=asr&cmd=uup&cver=5%2E0%2E16%2E1109&key=0faIHKaom^jejo5t09kcc^SwP3Cson6MmVrdP^uP78ss8^HBywnTxKral23oFE33OS^EyA6mQFePs^eLqyKgihXRmhs5T9hkChPni6sioIoV0=
----
CL:312
CT:binary/userdata+abnf
CE:gzip,encrypt/0.2

ò‘àqÑ4.;úH>¶5m²‚7Ê¶j¹!=®!eÖþ  
[2016/07/06 11:07:05 655] transport  483  [soc] [0] send ok  1181  
[2016/07/06 11:07:05 695] transport  495  [soc] [0] readable  
[2016/07/06 11:07:05 695] transport  1563 HTTP/1.1 200 OK
Content-Type: text/plain
Content-Length: 195
X-Req-Date: 2016/07/06 11:03:57 425
Cache-Control: no-cache
CL: 195
X-Res-Date: 2016/07/06 11:03:57 428

ver=MSSP+0%2E9&ret=0&cver=5%2E0%2E16%2E1109&eid=7cee9f8da1dbd3f69536333df3fd5534&key=0f1VnrBvlVRY2O/5JyKEjtqN3jH/A50gx9APkqmwUtK6M^HBywnTxKral23oFE33OS^EyA6mQFePs^eLqyKgihXRmhs5T9hkChPni6sioIoV0=  
[2016/07/06 11:07:05 695] transport  1310 a_complete_httpmessage  200  
[2016/07/06 11:07:05 695] transport  1419 is_update  true  
[2016/07/06 11:07:05 695] legacyuup  50   [trans] [id = uuplegacyuup_52e1a9] readable  
[2016/07/06 11:07:05 695] network    84   ipfromenv ,  ipcache  dev.voicecloud.cn  def  117.121.21.147  
[2016/07/06 11:07:05 696] transport  914  cached ip is confirmed  
[2016/07/06 11:07:05 696] transport  1170 [soc] disconnect   
[2016/07/06 11:07:05 696] legacyuup  60   uup ok!  
