============================================================
Time  2016/06/26 13:56:14 233 
============================================================
[2016/06/26 13:56:14 233] legacyuup  305  SYS_MSG_LOAD  
[2016/06/26 13:56:14 234] legacyuup  218  UUP_MSG_START  
[2016/06/26 13:56:14 234] legacyuup  220  legacyuup  legacyuup_9e5ccd  268436457  1442971637  
[2016/06/26 13:56:14 234] legacyuup  263  User set url is   nil  
[2016/06/26 13:56:14 234] transport  603  paramkvsport is   nil  
[2016/06/26 13:56:14 234] transport  611  ns_enable=  0  
[2016/06/26 13:56:14 234] transport  655  url.full=  nil  
[2016/06/26 13:56:14 234] transport  831  switch 80  
[2016/06/26 13:56:14 234] transport  838  net type:  standard  
[2016/06/26 13:56:14 234] transport  839  net operator:  def  
[2016/06/26 13:56:14 234] transport  840  use proxy:  false  
[2016/06/26 13:56:14 234] legacyuup  280  not login!  
[2016/06/26 13:56:14 401] legacyuup  294  UUP_MSG_LGI_RESULT  
[2016/06/26 13:56:14 401] legacyuup  174  [session] send uup request  
[2016/06/26 13:56:14 401] transport  1071 ns_enable =  0  
[2016/06/26 13:56:14 401] legacyuup  131  lver:  nil  
[2016/06/26 13:56:14 401] legacyuup  136  cfg_ver:  nil  
[2016/06/26 13:56:14 402] transport  155  [dns] [0] response 59.107.24.5  
[2016/06/26 13:56:14 402] transport  163  59  107  24  5  
[2016/06/26 13:56:14 402] transport  199  ip front is  59.107.24  
[2016/06/26 13:56:14 402] transport  265  expected ip  
[2016/06/26 13:56:14 402] network    89   iptoenv ,  ipcache  dev.voicecloud.cn  def  59.107.24.5  
[2016/06/26 13:56:14 403] transport  1138 [soc] connect   59.107.24.5  80  
[2016/06/26 13:56:14 403] transport  1155 mspsoc.open,prot_type=  tcp  
[2016/06/26 13:56:14 434] transport  461  [soc] [0] connected  
[2016/06/26 13:56:14 434] transport  1191 build http request.  
[2016/06/26 13:56:14 435] transport  1291 POST /msp.do HTTP/1.1
Host: dev.voicecloud.cn
Content-Type: multipart/mixed;boundary=--
Content-Length: 1005
User-Agent: iFLYCloud
Cache-Control: no-cache
Accept: */*

----
CL:168
CT:text/plain

ver=MSSP+0%2E9&sub=asr&cmd=uup&cver=5%2E0%2E16%2E1109&key=0f1ythACAS^pUGabY95k4WwALD9qkAV7UGXKzPadnMGfQ^HBywnTxKral23oFE33OSO/j8F6TcE94^eLqyKgihXRmhs5T9hkChPni6sioIoV0=
----
CL:312
CT:binary/userdata+abnf
CE:gzip,encrypt/0.2

¥‡¤òÉR…úH>¶5m²‚7Ê¶j¹!=®!eÖþ  
[2016/06/26 13:56:14 436] transport  483  [soc] [0] send ok  1181  
[2016/06/26 13:56:14 526] transport  495  [soc] [0] readable  
[2016/06/26 13:56:14 526] transport  1563 HTTP/1.1 200 OK
Content-Type: text/plain
Content-Length: 195
X-Req-Date: 2016/06/26 13:53:19 412
Cache-Control: no-cache
CL: 195
X-Res-Date: 2016/06/26 13:53:19 472

ver=MSSP+0%2E9&ret=0&cver=5%2E0%2E16%2E1109&eid=801a0e1e4e9b4245093c6dd57f184562&key=0fFCdK9I2rAweYwj^ccTUHiNm8HwTjo0a^CqOiFijHVkk^HBywnTxKral23oFE33OSO/j8F6TcE94^eLqyKgihXRmhs5T9hkChPni6sioIoV0=  
[2016/06/26 13:56:14 526] transport  1310 a_complete_httpmessage  200  
[2016/06/26 13:56:14 526] transport  1419 is_update  true  
[2016/06/26 13:56:14 526] legacyuup  50   [trans] [id = uuplegacyuup_9e5ccd] readable  
[2016/06/26 13:56:14 527] network    84   ipfromenv ,  ipcache  dev.voicecloud.cn  def  59.107.24.5  
[2016/06/26 13:56:14 527] transport  914  cached ip is confirmed  
[2016/06/26 13:56:14 527] transport  1170 [soc] disconnect   
[2016/06/26 13:56:14 527] legacyuup  60   uup ok!  
