============================================================
Time  2016/06/24 19:42:35 411 
============================================================
[2016/06/24 19:42:35 411] legacyuup  305  SYS_MSG_LOAD  
[2016/06/24 19:42:35 412] legacyuup  218  UUP_MSG_START  
[2016/06/24 19:42:35 412] legacyuup  220  legacyuup  legacyuup_13cc838  268436457  1442971637  
[2016/06/24 19:42:35 412] legacyuup  263  User set url is   nil  
[2016/06/24 19:42:35 412] transport  603  paramkvsport is   nil  
[2016/06/24 19:42:35 412] transport  611  ns_enable=  0  
[2016/06/24 19:42:35 412] transport  655  url.full=  nil  
[2016/06/24 19:42:35 412] transport  831  switch 80  
[2016/06/24 19:42:35 412] transport  838  net type:  standard  
[2016/06/24 19:42:35 412] transport  839  net operator:  def  
[2016/06/24 19:42:35 412] transport  840  use proxy:  false  
[2016/06/24 19:42:35 412] legacyuup  280  not login!  
[2016/06/24 19:42:35 554] legacyuup  294  UUP_MSG_LGI_RESULT  
[2016/06/24 19:42:35 554] legacyuup  174  [session] send uup request  
[2016/06/24 19:42:35 555] transport  1071 ns_enable =  0  
[2016/06/24 19:42:35 555] legacyuup  131  lver:  nil  
[2016/06/24 19:42:35 555] legacyuup  136  cfg_ver:  nil  
[2016/06/24 19:42:35 555] transport  155  [dns] [0] response 59.107.24.5  
[2016/06/24 19:42:35 555] transport  163  59  107  24  5  
[2016/06/24 19:42:35 555] transport  199  ip front is  59.107.24  
[2016/06/24 19:42:35 556] transport  265  expected ip  
[2016/06/24 19:42:35 556] network    89   iptoenv ,  ipcache  dev.voicecloud.cn  def  59.107.24.5  
[2016/06/24 19:42:35 556] transport  1138 [soc] connect   59.107.24.5  80  
[2016/06/24 19:42:35 556] transport  1155 mspsoc.open,prot_type=  tcp  
[2016/06/24 19:42:35 597] transport  461  [soc] [0] connected  
[2016/06/24 19:42:35 597] transport  1191 build http request.  
[2016/06/24 19:42:35 598] transport  1291 POST /msp.do HTTP/1.1
Host: dev.voicecloud.cn
Content-Type: multipart/mixed;boundary=--
Content-Length: 997
User-Agent: iFLYCloud
Cache-Control: no-cache
Accept: */*

----
CL:168
CT:text/plain

ver=MSSP+0%2E9&sub=asr&cmd=uup&cver=5%2E0%2E16%2E1109&key=0fxhmg4iuKFwwf9j0Ya/nYtR5uV7vRj6mn^kG05/QCYCo^HBywnTxKral23oFE33OS7b9KBKZMHes^eLqyKgihXRmhs5T9hkChPni6sioIoV0=
----
CL:304
CT:binary/userdata+abnf
CE:gzip,encrypt/0.2

ú{E_†mÛPúÊ;¶Eeò‚=òæ½!\é75h¯ÿGõO!Yùg>ûøéÑ'dº¶»ÊpÜ>ò[ÝŸ&EÇÁß±ýº39Å	Çºªš›	¥jù2Ö“RöŠ  
[2016/06/24 19:42:35 599] transport  483  [soc] [0] send ok  1172  
[2016/06/24 19:42:35 659] transport  495  [soc] [0] readable  
[2016/06/24 19:42:35 659] transport  1563 HTTP/1.1 200 OK
Content-Type: text/plain
Content-Length: 195
X-Req-Date: 2016/06/24 19:39:43 950
Cache-Control: no-cache
CL: 195
X-Res-Date: 2016/06/24 19:39:43 965

ver=MSSP+0%2E9&ret=0&cver=5%2E0%2E16%2E1109&eid=2d24773d7381bc5d00084c885e414f7e&key=0fRwYWIu^F01WdDkt69R99cAbrfcm4k8^52m4urG7uDAc^HBywnTxKral23oFE33OS7b9KBKZMHes^eLqyKgihXRmhs5T9hkChPni6sioIoV0=  
[2016/06/24 19:42:35 659] transport  1310 a_complete_httpmessage  200  
[2016/06/24 19:42:35 659] transport  1419 is_update  true  
[2016/06/24 19:42:35 659] legacyuup  50   [trans] [id = uuplegacyuup_13cc838] readable  
[2016/06/24 19:42:35 659] network    84   ipfromenv ,  ipcache  dev.voicecloud.cn  def  59.107.24.5  
[2016/06/24 19:42:35 659] transport  914  cached ip is confirmed  
[2016/06/24 19:42:35 659] transport  1170 [soc] disconnect   
[2016/06/24 19:42:35 660] legacyuup  60   uup ok!  
