============================================================
Time  2016/07/06 11:09:30 080 
============================================================
[2016/07/06 11:09:30 080] legacyuup  305  SYS_MSG_LOAD  
[2016/07/06 11:09:30 081] legacyuup  218  UUP_MSG_START  
[2016/07/06 11:09:30 081] legacyuup  220  legacyuup  legacyuup_551668  268436457  1442971637  
[2016/07/06 11:09:30 081] legacyuup  263  User set url is   nil  
[2016/07/06 11:09:30 082] transport  603  paramkvsport is   nil  
[2016/07/06 11:09:30 082] transport  611  ns_enable=  0  
[2016/07/06 11:09:30 082] transport  655  url.full=  nil  
[2016/07/06 11:09:30 082] transport  831  switch 80  
[2016/07/06 11:09:30 082] transport  838  net type:  standard  
[2016/07/06 11:09:30 082] transport  839  net operator:  def  
[2016/07/06 11:09:30 082] transport  840  use proxy:  false  
[2016/07/06 11:09:30 082] legacyuup  280  not login!  
[2016/07/06 11:09:30 161] legacyuup  294  UUP_MSG_LGI_RESULT  
[2016/07/06 11:09:30 161] legacyuup  174  [session] send uup request  
[2016/07/06 11:09:30 161] transport  1071 ns_enable =  0  
[2016/07/06 11:09:30 161] legacyuup  131  lver:  nil  
[2016/07/06 11:09:30 161] legacyuup  136  cfg_ver:  nil  
[2016/07/06 11:09:30 162] transport  155  [dns] [0] response 117.121.21.146  
[2016/07/06 11:09:30 162] transport  163  117  121  21  146  
[2016/07/06 11:09:30 162] transport  192  iplist not avail  
[2016/07/06 11:09:30 163] transport  251  no iplist now  
[2016/07/06 11:09:30 163] network    89   iptoenv ,  ipcache  dev.voicecloud.cn  def  117.121.21.146  
[2016/07/06 11:09:30 163] transport  1138 [soc] connect   117.121.21.146  80  
[2016/07/06 11:09:30 163] transport  1155 mspsoc.open,prot_type=  tcp  
[2016/07/06 11:09:30 197] transport  461  [soc] [0] connected  
[2016/07/06 11:09:30 197] transport  1191 build http request.  
[2016/07/06 11:09:30 197] transport  1291 POST /msp.do HTTP/1.1
Host: dev.voicecloud.cn
Content-Type: multipart/mixed;boundary=--
Content-Length: 997
User-Agent: iFLYCloud
Cache-Control: no-cache
Accept: */*

----
CL:168
CT:text/plain

ver=MSSP+0%2E9&sub=asr&cmd=uup&cver=5%2E0%2E16%2E1109&key=0f6ClZDQurBSIt24bYu5YNWWGN6DLg04TRawmOBpgYLAA^HBywnTxKral23oFE33OSMmbuAVGZ5og^eLqyKgihXRmhs5T9hkChPni6sioIoV0=
----
CL:312
CT:binary/userdata+abnf
CE:gzip,encrypt/0.2

l@ÛÚzêúH>¶5m²‚7Ê¶j¹!=®!eÖþ  
[2016/07/06 11:09:30 198] transport  483  [soc] [0] send ok  1172  
[2016/07/06 11:09:30 238] transport  495  [soc] [0] readable  
[2016/07/06 11:09:30 238] transport  1563 HTTP/1.1 200 OK
Content-Type: text/plain
Content-Length: 195
X-Req-Date: 2016/07/06 11:06:21 972
Cache-Control: no-cache
CL: 195
X-Res-Date: 2016/07/06 11:06:21 975

ver=MSSP+0%2E9&ret=0&cver=5%2E0%2E16%2E1109&eid=ce1d359b150259b4df67ab50fcd82a06&key=0fGCKLcBNt^bV^g5as6JNtXwJ/e7ZhxShEoNFNxdPTEOY^HBywnTxKral23oFE33OSMmbuAVGZ5og^eLqyKgihXRmhs5T9hkChPni6sioIoV0=  
[2016/07/06 11:09:30 238] transport  1310 a_complete_httpmessage  200  
[2016/07/06 11:09:30 238] transport  1419 is_update  true  
[2016/07/06 11:09:30 238] legacyuup  50   [trans] [id = uuplegacyuup_551668] readable  
[2016/07/06 11:09:30 239] network    84   ipfromenv ,  ipcache  dev.voicecloud.cn  def  117.121.21.146  
[2016/07/06 11:09:30 239] transport  914  cached ip is confirmed  
[2016/07/06 11:09:30 239] transport  1170 [soc] disconnect   
[2016/07/06 11:09:30 239] legacyuup  60   uup ok!  
[2016/07/06 11:09:30 239] legacyuup  314  SYS_MSG_UNLOAD  
