============================================================
Time  2016/07/07 13:38:16 908 
============================================================
[2016/07/07 13:38:16 908] legacyuup  305  SYS_MSG_LOAD  
[2016/07/07 13:38:16 909] legacyuup  218  UUP_MSG_START  
[2016/07/07 13:38:16 909] legacyuup  220  legacyuup  legacyuup_38ab8  268436457  1442971637  
[2016/07/07 13:38:16 909] legacyuup  263  User set url is   nil  
[2016/07/07 13:38:16 909] transport  603  paramkvsport is   nil  
[2016/07/07 13:38:16 909] transport  611  ns_enable=  0  
[2016/07/07 13:38:16 909] transport  655  url.full=  nil  
[2016/07/07 13:38:16 909] transport  831  switch 80  
[2016/07/07 13:38:16 909] transport  838  net type:  standard  
[2016/07/07 13:38:16 909] transport  839  net operator:  def  
[2016/07/07 13:38:16 909] transport  840  use proxy:  false  
[2016/07/07 13:38:16 909] legacyuup  280  not login!  
[2016/07/07 13:38:16 986] legacyuup  294  UUP_MSG_LGI_RESULT  
[2016/07/07 13:38:16 986] legacyuup  174  [session] send uup request  
[2016/07/07 13:38:16 986] transport  1071 ns_enable =  0  
[2016/07/07 13:38:16 986] legacyuup  131  lver:  nil  
[2016/07/07 13:38:16 986] legacyuup  136  cfg_ver:  nil  
[2016/07/07 13:38:16 987] transport  155  [dns] [0] response 59.107.24.5  
[2016/07/07 13:38:16 987] transport  163  59  107  24  5  
[2016/07/07 13:38:16 987] transport  192  iplist not avail  
[2016/07/07 13:38:16 987] transport  251  no iplist now  
[2016/07/07 13:38:16 987] network    89   iptoenv ,  ipcache  dev.voicecloud.cn  def  59.107.24.5  
[2016/07/07 13:38:16 987] transport  1138 [soc] connect   59.107.24.5  80  
[2016/07/07 13:38:16 988] transport  1155 mspsoc.open,prot_type=  tcp  
[2016/07/07 13:38:17 020] transport  461  [soc] [0] connected  
[2016/07/07 13:38:17 020] transport  1191 build http request.  
[2016/07/07 13:38:17 021] transport  1291 POST /msp.do HTTP/1.1
Host: dev.voicecloud.cn
Content-Type: multipart/mixed;boundary=--
Content-Length: 1005
User-Agent: iFLYCloud
Cache-Control: no-cache
Accept: */*

----
CL:168
CT:text/plain

ver=MSSP+0%2E9&sub=asr&cmd=uup&cver=5%2E0%2E16%2E1109&key=0f9dZGKmHidqFxsqZrpnyplH3m/////6TUpxP^CLRvgkI^HBywnTxKral23oFE33OS5mUiSCQZNmg^eLqyKgihXRmhs5T9hkChPni6sioIoV0=
----
CL:312
CT:binary/userdata+abnf
CE:gzip,encrypt/0.2

¢x5„‹,¹úH>¶5m²‚7Ê¶j¹!=®!eÖþ  
[2016/07/07 13:38:17 022] transport  483  [soc] [0] send ok  1181  
[2016/07/07 13:38:17 153] transport  495  [soc] [0] readable  
[2016/07/07 13:38:17 153] transport  1563 HTTP/1.1 200 OK
Content-Type: text/plain
Content-Length: 195
X-Req-Date: 2016/07/07 13:35:08 248
Cache-Control: no-cache
CL: 195
X-Res-Date: 2016/07/07 13:35:08 349

ver=MSSP+0%2E9&ret=0&cver=5%2E0%2E16%2E1109&eid=6c575462714b6eb56de91f970a1160a5&key=0f6p6owLcZ3Ar8wYASUJ0IozZHhS9M/ZXVR8275FyU4/A^HBywnTxKral23oFE33OS5mUiSCQZNmg^eLqyKgihXRmhs5T9hkChPni6sioIoV0=  
[2016/07/07 13:38:17 153] transport  1310 a_complete_httpmessage  200  
[2016/07/07 13:38:17 153] transport  1419 is_update  true  
[2016/07/07 13:38:17 153] legacyuup  50   [trans] [id = uuplegacyuup_38ab8] readable  
[2016/07/07 13:38:17 154] network    84   ipfromenv ,  ipcache  dev.voicecloud.cn  def  59.107.24.5  
[2016/07/07 13:38:17 154] transport  914  cached ip is confirmed  
[2016/07/07 13:38:17 154] transport  1170 [soc] disconnect   
[2016/07/07 13:38:17 154] legacyuup  60   uup ok!  
[2016/07/07 13:38:17 154] legacyuup  314  SYS_MSG_UNLOAD  
