============================================================
Time  2016/07/06 20:26:37 426 
============================================================
[2016/07/06 20:26:37 426] legacyuup  305  SYS_MSG_LOAD  
[2016/07/06 20:26:37 427] legacyuup  218  UUP_MSG_START  
[2016/07/06 20:26:37 427] legacyuup  220  legacyuup  legacyuup_5d8fb7  268436457  1442971637  
[2016/07/06 20:26:37 427] legacyuup  263  User set url is   nil  
[2016/07/06 20:26:37 427] transport  603  paramkvsport is   nil  
[2016/07/06 20:26:37 428] transport  611  ns_enable=  0  
[2016/07/06 20:26:37 428] transport  655  url.full=  nil  
[2016/07/06 20:26:37 428] transport  831  switch 80  
[2016/07/06 20:26:37 428] transport  838  net type:  standard  
[2016/07/06 20:26:37 428] transport  839  net operator:  def  
[2016/07/06 20:26:37 428] transport  840  use proxy:  false  
[2016/07/06 20:26:37 428] legacyuup  280  not login!  
[2016/07/06 20:26:37 533] legacyuup  294  UUP_MSG_LGI_RESULT  
[2016/07/06 20:26:37 533] legacyuup  174  [session] send uup request  
[2016/07/06 20:26:37 533] transport  1071 ns_enable =  0  
[2016/07/06 20:26:37 533] legacyuup  131  lver:  nil  
[2016/07/06 20:26:37 533] legacyuup  136  cfg_ver:  nil  
[2016/07/06 20:26:37 534] transport  155  [dns] [0] response 59.107.24.5  
[2016/07/06 20:26:37 534] transport  163  59  107  24  5  
[2016/07/06 20:26:37 534] transport  192  iplist not avail  
[2016/07/06 20:26:37 534] transport  251  no iplist now  
[2016/07/06 20:26:37 534] network    89   iptoenv ,  ipcache  dev.voicecloud.cn  def  59.107.24.5  
[2016/07/06 20:26:37 535] transport  1138 [soc] connect   59.107.24.5  80  
[2016/07/06 20:26:37 535] transport  1155 mspsoc.open,prot_type=  tcp  
[2016/07/06 20:26:37 569] transport  461  [soc] [0] connected  
[2016/07/06 20:26:37 569] transport  1191 build http request.  
[2016/07/06 20:26:37 569] transport  1291 POST /msp.do HTTP/1.1
Host: dev.voicecloud.cn
Content-Type: multipart/mixed;boundary=--
Content-Length: 1005
User-Agent: iFLYCloud
Cache-Control: no-cache
Accept: */*

----
CL:168
CT:text/plain

ver=MSSP+0%2E9&sub=asr&cmd=uup&cver=5%2E0%2E16%2E1109&key=0fTnJKWnleS/1JyYIrXEW5g526pJ1dY63JVOIBYemYlko^HBywnTxKral23oFE33OSr/lbZdNYQ70^eLqyKgihXRmhs5T9hkChPni6sioIoV0=
----
CL:312
CT:binary/userdata+abnf
CE:gzip,encrypt/0.2

ÆÀed¸8ß$úH>¶5m²‚7Ê¶j¹!=®!eÖþ  
[2016/07/06 20:26:37 570] transport  483  [soc] [0] send ok  1181  
[2016/07/06 20:26:37 650] transport  495  [soc] [0] readable  
[2016/07/06 20:26:37 650] transport  1563 HTTP/1.1 200 OK
Content-Type: text/plain
Content-Length: 195
X-Req-Date: 2016/07/06 20:23:29 38
Cache-Control: no-cache
CL: 195
X-Res-Date: 2016/07/06 20:23:29 81

ver=MSSP+0%2E9&ret=0&cver=5%2E0%2E16%2E1109&eid=44eeae578d76f6e00a50e5bd230a4e87&key=0fmeSw^GZ0SXm6GkC5k13ct2FSOu0JGn7sZOTmRGjc6Ls^HBywnTxKral23oFE33OSr/lbZdNYQ70^eLqyKgihXRmhs5T9hkChPni6sioIoV0=  
[2016/07/06 20:26:37 650] transport  1310 a_complete_httpmessage  200  
[2016/07/06 20:26:37 650] transport  1419 is_update  true  
[2016/07/06 20:26:37 650] legacyuup  50   [trans] [id = uuplegacyuup_5d8fb7] readable  
[2016/07/06 20:26:37 651] network    84   ipfromenv ,  ipcache  dev.voicecloud.cn  def  59.107.24.5  
[2016/07/06 20:26:37 651] transport  914  cached ip is confirmed  
[2016/07/06 20:26:37 651] transport  1170 [soc] disconnect   
[2016/07/06 20:26:37 651] legacyuup  60   uup ok!  
[2016/07/06 20:26:37 652] legacyuup  314  SYS_MSG_UNLOAD  
