============================================================
Time  2016/06/26 11:24:57 561 
============================================================
[2016/06/26 11:24:57 561] legacyuup  305  SYS_MSG_LOAD  
[2016/06/26 11:24:57 562] legacyuup  218  UUP_MSG_START  
[2016/06/26 11:24:57 562] legacyuup  220  legacyuup  legacyuup_13dd0d  268436457  1442971637  
[2016/06/26 11:24:57 562] legacyuup  263  User set url is   nil  
[2016/06/26 11:24:57 562] transport  603  paramkvsport is   nil  
[2016/06/26 11:24:57 562] transport  611  ns_enable=  0  
[2016/06/26 11:24:57 562] transport  655  url.full=  nil  
[2016/06/26 11:24:57 562] transport  831  switch 80  
[2016/06/26 11:24:57 562] transport  838  net type:  standard  
[2016/06/26 11:24:57 562] transport  839  net operator:  def  
[2016/06/26 11:24:57 562] transport  840  use proxy:  false  
[2016/06/26 11:24:57 562] legacyuup  280  not login!  
[2016/06/26 11:24:57 667] legacyuup  294  UUP_MSG_LGI_RESULT  
[2016/06/26 11:24:57 667] legacyuup  174  [session] send uup request  
[2016/06/26 11:24:57 667] transport  1071 ns_enable =  0  
[2016/06/26 11:24:57 667] legacyuup  131  lver:  nil  
[2016/06/26 11:24:57 667] legacyuup  136  cfg_ver:  nil  
[2016/06/26 11:24:57 668] transport  155  [dns] [0] response 59.107.24.11  
[2016/06/26 11:24:57 668] transport  163  59  107  24  11  
[2016/06/26 11:24:57 668] transport  192  iplist not avail  
[2016/06/26 11:24:57 668] transport  251  no iplist now  
[2016/06/26 11:24:57 668] network    89   iptoenv ,  ipcache  dev.voicecloud.cn  def  59.107.24.11  
[2016/06/26 11:24:57 669] transport  1138 [soc] connect   59.107.24.11  80  
[2016/06/26 11:24:57 669] transport  1155 mspsoc.open,prot_type=  tcp  
[2016/06/26 11:24:57 702] transport  461  [soc] [0] connected  
[2016/06/26 11:24:57 702] transport  1191 build http request.  
[2016/06/26 11:24:57 703] transport  1291 POST /msp.do HTTP/1.1
Host: dev.voicecloud.cn
Content-Type: multipart/mixed;boundary=--
Content-Length: 1005
User-Agent: iFLYCloud
Cache-Control: no-cache
Accept: */*

----
CL:168
CT:text/plain

ver=MSSP+0%2E9&sub=asr&cmd=uup&cver=5%2E0%2E16%2E1109&key=0f9dZGKmHidqF5R/mqdhvPDGxjd5vTIlHAODer1OKG3IE^HBywnTxKral23oFE33OSmeB7NDhAVxA^eLqyKgihXRmhs5T9hkChPni6sioIoV0=
----
CL:312
CT:binary/userdata+abnf
CE:gzip,encrypt/0.2

þD­"›úH>¶5m²‚7Ê¶j¹!=®!eÖþ  
[2016/06/26 11:24:57 703] transport  483  [soc] [0] send ok  1181  
[2016/06/26 11:24:57 743] transport  495  [soc] [0] readable  
[2016/06/26 11:24:57 743] transport  1563 HTTP/1.1 200 OK
Content-Type: text/plain
Content-Length: 195
X-Req-Date: 2016/06/26 11:21:42 41
Cache-Control: no-cache
CL: 195
X-Res-Date: 2016/06/26 11:21:42 44

ver=MSSP+0%2E9&ret=0&cver=5%2E0%2E16%2E1109&eid=8b0b72b1fbab6404584d69a2a92fa6e5&key=0ftECUBa82qwHGGm4/nzQ4E0wGtWpIWpU^GvTw2j4RGKE^HBywnTxKral23oFE33OSmeB7NDhAVxA^eLqyKgihXRmhs5T9hkChPni6sioIoV0=  
[2016/06/26 11:24:57 743] transport  1310 a_complete_httpmessage  200  
[2016/06/26 11:24:57 743] transport  1419 is_update  true  
[2016/06/26 11:24:57 743] legacyuup  50   [trans] [id = uuplegacyuup_13dd0d] readable  
[2016/06/26 11:24:57 744] network    84   ipfromenv ,  ipcache  dev.voicecloud.cn  def  59.107.24.11  
[2016/06/26 11:24:57 744] transport  914  cached ip is confirmed  
[2016/06/26 11:24:57 744] transport  1170 [soc] disconnect   
[2016/06/26 11:24:57 744] legacyuup  60   uup ok!  
[2016/06/26 11:24:57 744] legacyuup  314  SYS_MSG_UNLOAD  
