============================================================
Time  2016/07/07 01:21:11 114 
============================================================
[2016/07/07 01:21:11 114] legacyuup  305  SYS_MSG_LOAD  
[2016/07/07 01:21:11 115] legacyuup  218  UUP_MSG_START  
[2016/07/07 01:21:11 115] legacyuup  220  legacyuup  legacyuup_870f85  268436457  1442971637  
[2016/07/07 01:21:11 115] legacyuup  263  User set url is   nil  
[2016/07/07 01:21:11 115] transport  603  paramkvsport is   nil  
[2016/07/07 01:21:11 115] transport  611  ns_enable=  0  
[2016/07/07 01:21:11 115] transport  655  url.full=  nil  
[2016/07/07 01:21:11 115] transport  831  switch 80  
[2016/07/07 01:21:11 115] transport  838  net type:  standard  
[2016/07/07 01:21:11 115] transport  839  net operator:  def  
[2016/07/07 01:21:11 115] transport  840  use proxy:  false  
[2016/07/07 01:21:11 115] legacyuup  280  not login!  
[2016/07/07 01:21:11 206] legacyuup  294  UUP_MSG_LGI_RESULT  
[2016/07/07 01:21:11 206] legacyuup  174  [session] send uup request  
[2016/07/07 01:21:11 206] transport  1071 ns_enable =  0  
[2016/07/07 01:21:11 206] legacyuup  131  lver:  nil  
[2016/07/07 01:21:11 206] legacyuup  136  cfg_ver:  nil  
[2016/07/07 01:21:11 207] transport  155  [dns] [0] response 59.107.24.5  
[2016/07/07 01:21:11 207] transport  163  59  107  24  5  
[2016/07/07 01:21:11 207] transport  192  iplist not avail  
[2016/07/07 01:21:11 207] transport  251  no iplist now  
[2016/07/07 01:21:11 207] network    89   iptoenv ,  ipcache  dev.voicecloud.cn  def  59.107.24.5  
[2016/07/07 01:21:11 208] transport  1138 [soc] connect   59.107.24.5  80  
[2016/07/07 01:21:11 208] transport  1155 mspsoc.open,prot_type=  tcp  
[2016/07/07 01:21:11 239] transport  461  [soc] [0] connected  
[2016/07/07 01:21:11 241] transport  1191 build http request.  
[2016/07/07 01:21:11 241] transport  1291 POST /msp.do HTTP/1.1
Host: dev.voicecloud.cn
Content-Type: multipart/mixed;boundary=--
Content-Length: 997
User-Agent: iFLYCloud
Cache-Control: no-cache
Accept: */*

----
CL:168
CT:text/plain

ver=MSSP+0%2E9&sub=asr&cmd=uup&cver=5%2E0%2E16%2E1109&key=0fPF^QYozD40O/0wl6^s8C0jakI45bD^mfRZMw3ZF0LFc^HBywnTxKral23oFE33OSm^muNn^mssY^eLqyKgihXRmhs5T9hkChPni6sioIoV0=
----
CL:312
CT:binary/userdata+abnf
CE:gzip,encrypt/0.2

JÄÈûš§ßúH>¶5m²‚7Ê¶j¹!=®!eÖþ  
[2016/07/07 01:21:11 243] transport  483  [soc] [0] send ok  1172  
[2016/07/07 01:21:11 282] transport  495  [soc] [0] readable  
[2016/07/07 01:21:11 282] transport  1563 HTTP/1.1 200 OK
Content-Type: text/plain
Content-Length: 195
X-Req-Date: 2016/07/07 01:18:03 472
Cache-Control: no-cache
CL: 195
X-Res-Date: 2016/07/07 01:18:03 475

ver=MSSP+0%2E9&ret=0&cver=5%2E0%2E16%2E1109&eid=c83847e240db7001b594403c514c5ec4&key=0fFCdK9I2rAwdgrH07vZeAEn7VsJYErbZRnl0JYq1J3i4^HBywnTxKral23oFE33OSm^muNn^mssY^eLqyKgihXRmhs5T9hkChPni6sioIoV0=  
[2016/07/07 01:21:11 282] transport  1310 a_complete_httpmessage  200  
[2016/07/07 01:21:11 282] transport  1419 is_update  true  
[2016/07/07 01:21:11 282] legacyuup  50   [trans] [id = uuplegacyuup_870f85] readable  
[2016/07/07 01:21:11 283] network    84   ipfromenv ,  ipcache  dev.voicecloud.cn  def  59.107.24.5  
[2016/07/07 01:21:11 283] transport  914  cached ip is confirmed  
[2016/07/07 01:21:11 283] transport  1170 [soc] disconnect   
[2016/07/07 01:21:11 283] legacyuup  60   uup ok!  
