============================================================
Time  2016/06/26 14:18:46 939 
============================================================
[2016/06/26 14:18:46 939] legacyuup  305  SYS_MSG_LOAD  
[2016/06/26 14:18:46 940] legacyuup  218  UUP_MSG_START  
[2016/06/26 14:18:46 940] legacyuup  220  legacyuup  legacyuup_b300cf  268436457  1442971637  
[2016/06/26 14:18:46 940] legacyuup  263  User set url is   nil  
[2016/06/26 14:18:46 940] transport  603  paramkvsport is   nil  
[2016/06/26 14:18:46 940] transport  611  ns_enable=  0  
[2016/06/26 14:18:46 940] transport  655  url.full=  nil  
[2016/06/26 14:18:46 940] transport  831  switch 80  
[2016/06/26 14:18:46 940] transport  838  net type:  standard  
[2016/06/26 14:18:46 940] transport  839  net operator:  def  
[2016/06/26 14:18:46 940] transport  840  use proxy:  false  
[2016/06/26 14:18:46 940] legacyuup  280  not login!  
[2016/06/26 14:18:47 082] legacyuup  294  UUP_MSG_LGI_RESULT  
[2016/06/26 14:18:47 082] legacyuup  174  [session] send uup request  
[2016/06/26 14:18:47 082] transport  1071 ns_enable =  0  
[2016/06/26 14:18:47 082] legacyuup  131  lver:  nil  
[2016/06/26 14:18:47 082] legacyuup  136  cfg_ver:  nil  
[2016/06/26 14:18:47 083] transport  155  [dns] [0] response 59.107.24.5  
[2016/06/26 14:18:47 083] transport  163  59  107  24  5  
[2016/06/26 14:18:47 083] transport  192  iplist not avail  
[2016/06/26 14:18:47 083] transport  251  no iplist now  
[2016/06/26 14:18:47 083] network    89   iptoenv ,  ipcache  dev.voicecloud.cn  def  59.107.24.5  
[2016/06/26 14:18:47 084] transport  1138 [soc] connect   59.107.24.5  80  
[2016/06/26 14:18:47 084] transport  1155 mspsoc.open,prot_type=  tcp  
[2016/06/26 14:18:47 117] transport  461  [soc] [0] connected  
[2016/06/26 14:18:47 117] transport  1191 build http request.  
[2016/06/26 14:18:47 117] transport  1291 POST /msp.do HTTP/1.1
Host: dev.voicecloud.cn
Content-Type: multipart/mixed;boundary=--
Content-Length: 997
User-Agent: iFLYCloud
Cache-Control: no-cache
Accept: */*

----
CL:168
CT:text/plain

ver=MSSP+0%2E9&sub=asr&cmd=uup&cver=5%2E0%2E16%2E1109&key=0fc5tPMIl0hAUqDU9crCCETVJPJaVgIZsVsqU7e/nDnB0^HBywnTxKral23oFE33OS77AsZaq/dyQ^eLqyKgihXRmhs5T9hkChPni6sioIoV0=
----
CL:312
CT:binary/userdata+abnf
CE:gzip,encrypt/0.2

ö+”AØ.òúH>¶5m²‚7Ê¶j¹!=®!eÖþ  
[2016/06/26 14:18:47 118] transport  483  [soc] [0] send ok  1172  
[2016/06/26 14:18:47 158] transport  495  [soc] [0] readable  
[2016/06/26 14:18:47 158] transport  1563 HTTP/1.1 200 OK
Content-Type: text/plain
Content-Length: 195
X-Req-Date: 2016/06/26 14:15:52 143
Cache-Control: no-cache
CL: 195
X-Res-Date: 2016/06/26 14:15:52 149

ver=MSSP+0%2E9&ret=0&cver=5%2E0%2E16%2E1109&eid=e7e806a7c4e523853a33aeea259050ff&key=0fak5panEkncEYt5dGu0Eb^sOTrcd4b7Qe1et/oPDhou4^HBywnTxKral23oFE33OS77AsZaq/dyQ^eLqyKgihXRmhs5T9hkChPni6sioIoV0=  
[2016/06/26 14:18:47 158] transport  1310 a_complete_httpmessage  200  
[2016/06/26 14:18:47 158] transport  1419 is_update  true  
[2016/06/26 14:18:47 158] legacyuup  50   [trans] [id = uuplegacyuup_b300cf] readable  
[2016/06/26 14:18:47 159] network    84   ipfromenv ,  ipcache  dev.voicecloud.cn  def  59.107.24.5  
[2016/06/26 14:18:47 159] transport  914  cached ip is confirmed  
[2016/06/26 14:18:47 159] transport  1170 [soc] disconnect   
[2016/06/26 14:18:47 159] legacyuup  60   uup ok!  
[2016/06/26 14:18:47 159] legacyuup  314  SYS_MSG_UNLOAD  
