============================================================
Time  2016/07/06 21:31:52 879 
============================================================
[2016/07/06 21:31:52 879] legacyuup  305  SYS_MSG_LOAD  
[2016/07/06 21:31:52 880] legacyuup  218  UUP_MSG_START  
[2016/07/06 21:31:52 880] legacyuup  220  legacyuup  legacyuup_994e73  268436457  1442971637  
[2016/07/06 21:31:52 880] legacyuup  263  User set url is   nil  
[2016/07/06 21:31:52 880] transport  603  paramkvsport is   nil  
[2016/07/06 21:31:52 880] transport  611  ns_enable=  0  
[2016/07/06 21:31:52 880] transport  655  url.full=  nil  
[2016/07/06 21:31:52 880] transport  831  switch 80  
[2016/07/06 21:31:52 880] transport  838  net type:  standard  
[2016/07/06 21:31:52 880] transport  839  net operator:  def  
[2016/07/06 21:31:52 880] transport  840  use proxy:  false  
[2016/07/06 21:31:52 880] legacyuup  280  not login!  
[2016/07/06 21:31:53 052] legacyuup  294  UUP_MSG_LGI_RESULT  
[2016/07/06 21:31:53 052] legacyuup  174  [session] send uup request  
[2016/07/06 21:31:53 052] transport  1071 ns_enable =  0  
[2016/07/06 21:31:53 052] legacyuup  131  lver:  nil  
[2016/07/06 21:31:53 052] legacyuup  136  cfg_ver:  nil  
[2016/07/06 21:31:53 053] transport  155  [dns] [0] response 59.107.24.5  
[2016/07/06 21:31:53 053] transport  163  59  107  24  5  
[2016/07/06 21:31:53 053] transport  199  ip front is  59.107.24  
[2016/07/06 21:31:53 053] transport  265  expected ip  
[2016/07/06 21:31:53 053] network    89   iptoenv ,  ipcache  dev.voicecloud.cn  def  59.107.24.5  
[2016/07/06 21:31:53 054] transport  1138 [soc] connect   59.107.24.5  80  
[2016/07/06 21:31:53 054] transport  1155 mspsoc.open,prot_type=  tcp  
[2016/07/06 21:31:53 085] transport  461  [soc] [0] connected  
[2016/07/06 21:31:53 085] transport  1191 build http request.  
[2016/07/06 21:31:53 086] transport  1291 POST /msp.do HTTP/1.1
Host: dev.voicecloud.cn
Content-Type: multipart/mixed;boundary=--
Content-Length: 1005
User-Agent: iFLYCloud
Cache-Control: no-cache
Accept: */*

----
CL:168
CT:text/plain

ver=MSSP+0%2E9&sub=asr&cmd=uup&cver=5%2E0%2E16%2E1109&key=0fsk4Dil/UE4KWm^iqYZEW3zukn61tBnDh1Ki7OeaAA6I^HBywnTxKral23oFE33OStYHhKi39VdI^eLqyKgihXRmhs5T9hkChPni6sioIoV0=
----
CL:312
CT:binary/userdata+abnf
CE:gzip,encrypt/0.2

HælbE¯qúH>¶5m²‚7Ê¶j¹!=®!eÖþ  
[2016/07/06 21:31:53 087] transport  483  [soc] [0] send ok  1181  
[2016/07/06 21:31:53 126] transport  495  [soc] [0] readable  
[2016/07/06 21:31:53 127] transport  1563 HTTP/1.1 200 OK
Content-Type: text/plain
Content-Length: 195
X-Req-Date: 2016/07/06 21:28:44 712
Cache-Control: no-cache
CL: 195
X-Res-Date: 2016/07/06 21:28:44 715

ver=MSSP+0%2E9&ret=0&cver=5%2E0%2E16%2E1109&eid=c583ec8e9555ed5804ad2b25337e401a&key=0fjKF7dsaTTzrMClgYFgRkiCrcmGACC^24I145yEnJ9RI^HBywnTxKral23oFE33OStYHhKi39VdI^eLqyKgihXRmhs5T9hkChPni6sioIoV0=  
[2016/07/06 21:31:53 127] transport  1310 a_complete_httpmessage  200  
[2016/07/06 21:31:53 127] transport  1419 is_update  true  
[2016/07/06 21:31:53 127] legacyuup  50   [trans] [id = uuplegacyuup_994e73] readable  
[2016/07/06 21:31:53 128] network    84   ipfromenv ,  ipcache  dev.voicecloud.cn  def  59.107.24.5  
[2016/07/06 21:31:53 128] transport  914  cached ip is confirmed  
[2016/07/06 21:31:53 128] transport  1170 [soc] disconnect   
[2016/07/06 21:31:53 128] legacyuup  60   uup ok!  
[2016/07/06 21:31:53 128] legacyuup  314  SYS_MSG_UNLOAD  
