============================================================
Time  2016/06/26 11:24:46 236 
============================================================
[2016/06/26 11:24:46 236] legacyuup  305  SYS_MSG_LOAD  
[2016/06/26 11:24:46 237] legacyuup  218  UUP_MSG_START  
[2016/06/26 11:24:46 237] legacyuup  220  legacyuup  legacyuup_13b0ce  268436457  1442971637  
[2016/06/26 11:24:46 237] legacyuup  263  User set url is   nil  
[2016/06/26 11:24:46 237] transport  603  paramkvsport is   nil  
[2016/06/26 11:24:46 237] transport  611  ns_enable=  0  
[2016/06/26 11:24:46 237] transport  655  url.full=  nil  
[2016/06/26 11:24:46 237] transport  831  switch 80  
[2016/06/26 11:24:46 237] transport  838  net type:  standard  
[2016/06/26 11:24:46 237] transport  839  net operator:  def  
[2016/06/26 11:24:46 237] transport  840  use proxy:  false  
[2016/06/26 11:24:46 237] legacyuup  280  not login!  
[2016/06/26 11:24:46 324] legacyuup  294  UUP_MSG_LGI_RESULT  
[2016/06/26 11:24:46 324] legacyuup  174  [session] send uup request  
[2016/06/26 11:24:46 324] transport  1071 ns_enable =  0  
[2016/06/26 11:24:46 324] legacyuup  131  lver:  nil  
[2016/06/26 11:24:46 324] legacyuup  136  cfg_ver:  nil  
[2016/06/26 11:24:46 325] transport  155  [dns] [0] response 59.107.24.5  
[2016/06/26 11:24:46 325] transport  163  59  107  24  5  
[2016/06/26 11:24:46 325] transport  192  iplist not avail  
[2016/06/26 11:24:46 325] transport  251  no iplist now  
[2016/06/26 11:24:46 325] network    89   iptoenv ,  ipcache  dev.voicecloud.cn  def  59.107.24.5  
[2016/06/26 11:24:46 326] transport  1138 [soc] connect   59.107.24.5  80  
[2016/06/26 11:24:46 326] transport  1155 mspsoc.open,prot_type=  tcp  
[2016/06/26 11:24:46 359] transport  461  [soc] [0] connected  
[2016/06/26 11:24:46 359] transport  1191 build http request.  
[2016/06/26 11:24:46 360] transport  1291 POST /msp.do HTTP/1.1
Host: dev.voicecloud.cn
Content-Type: multipart/mixed;boundary=--
Content-Length: 1005
User-Agent: iFLYCloud
Cache-Control: no-cache
Accept: */*

----
CL:168
CT:text/plain

ver=MSSP+0%2E9&sub=asr&cmd=uup&cver=5%2E0%2E16%2E1109&key=0fw2Rmyb/3b9olfoorjVDfcNco1z/qh^OHVenafgdRZxU^HBywnTxKral23oFE33OSZ5H5^TDo3gs^eLqyKgihXRmhs5T9hkChPni6sioIoV0=
----
CL:312
CT:binary/userdata+abnf
CE:gzip,encrypt/0.2

ÞdúNPÄˆ–úH>¶5m²‚7Ê¶j¹!=®!eÖþ  
[2016/06/26 11:24:46 361] transport  483  [soc] [0] send ok  1181  
[2016/06/26 11:24:46 400] transport  495  [soc] [0] readable  
[2016/06/26 11:24:46 400] transport  1563 HTTP/1.1 200 OK
Content-Type: text/plain
Content-Length: 195
X-Req-Date: 2016/06/26 11:21:50 972
Cache-Control: no-cache
CL: 195
X-Res-Date: 2016/06/26 11:21:50 975

ver=MSSP+0%2E9&ret=0&cver=5%2E0%2E16%2E1109&eid=708f22e03cf6c0623c94c84a90e83c94&key=0fFCdK9I2rAwcIpuCB6elQUC5gs7IkPdYFbA9k99UgTI4^HBywnTxKral23oFE33OSZ5H5^TDo3gs^eLqyKgihXRmhs5T9hkChPni6sioIoV0=  
[2016/06/26 11:24:46 401] transport  1310 a_complete_httpmessage  200  
[2016/06/26 11:24:46 401] transport  1419 is_update  true  
[2016/06/26 11:24:46 401] legacyuup  50   [trans] [id = uuplegacyuup_13b0ce] readable  
[2016/06/26 11:24:46 401] network    84   ipfromenv ,  ipcache  dev.voicecloud.cn  def  59.107.24.5  
[2016/06/26 11:24:46 401] transport  914  cached ip is confirmed  
[2016/06/26 11:24:46 401] transport  1170 [soc] disconnect   
[2016/06/26 11:24:46 401] legacyuup  60   uup ok!  
