============================================================
Time  2016/06/24 17:26:32 116 
============================================================
[2016/06/24 17:26:32 116] legacyuup  305  SYS_MSG_LOAD  
[2016/06/24 17:26:32 117] legacyuup  218  UUP_MSG_START  
[2016/06/24 17:26:32 117] legacyuup  220  legacyuup  legacyuup_c0385c  268436457  1442971637  
[2016/06/24 17:26:32 117] legacyuup  263  User set url is   nil  
[2016/06/24 17:26:32 117] transport  603  paramkvsport is   nil  
[2016/06/24 17:26:32 117] transport  611  ns_enable=  0  
[2016/06/24 17:26:32 117] transport  655  url.full=  nil  
[2016/06/24 17:26:32 117] transport  831  switch 80  
[2016/06/24 17:26:32 117] transport  838  net type:  standard  
[2016/06/24 17:26:32 117] transport  839  net operator:  def  
[2016/06/24 17:26:32 117] transport  840  use proxy:  false  
[2016/06/24 17:26:32 117] legacyuup  280  not login!  
[2016/06/24 17:26:32 225] legacyuup  294  UUP_MSG_LGI_RESULT  
[2016/06/24 17:26:32 225] legacyuup  174  [session] send uup request  
[2016/06/24 17:26:32 225] transport  1071 ns_enable =  0  
[2016/06/24 17:26:32 225] legacyuup  131  lver:  nil  
[2016/06/24 17:26:32 225] legacyuup  136  cfg_ver:  nil  
[2016/06/24 17:26:32 226] transport  155  [dns] [0] response 59.107.24.5  
[2016/06/24 17:26:32 226] transport  163  59  107  24  5  
[2016/06/24 17:26:32 226] transport  192  iplist not avail  
[2016/06/24 17:26:32 226] transport  251  no iplist now  
[2016/06/24 17:26:32 226] network    89   iptoenv ,  ipcache  dev.voicecloud.cn  def  59.107.24.5  
[2016/06/24 17:26:32 227] transport  1138 [soc] connect   59.107.24.5  80  
[2016/06/24 17:26:32 227] transport  1155 mspsoc.open,prot_type=  tcp  
[2016/06/24 17:26:32 260] transport  461  [soc] [0] connected  
[2016/06/24 17:26:32 260] transport  1191 build http request.  
[2016/06/24 17:26:32 261] transport  1291 POST /msp.do HTTP/1.1
Host: dev.voicecloud.cn
Content-Type: multipart/mixed;boundary=--
Content-Length: 997
User-Agent: iFLYCloud
Cache-Control: no-cache
Accept: */*

----
CL:168
CT:text/plain

ver=MSSP+0%2E9&sub=asr&cmd=uup&cver=5%2E0%2E16%2E1109&key=0fb4NKRoneUz3pu1WbLkNl66FHX9jKewY3lxM94rF4/qk^HBywnTxKral23oFE33OSpgUQrd0NVGA^eLqyKgihXRmhs5T9hkChPni6sioIoV0=
----
CL:304
CT:binary/userdata+abnf
CE:gzip,encrypt/0.2

p}EçPø˙»;∂Ea3Ç=Ú:W&–√–t  
[2016/06/24 17:26:32 262] transport  483  [soc] [0] send ok  1172  
[2016/06/24 17:26:32 311] transport  495  [soc] [0] readable  
[2016/06/24 17:26:32 312] transport  1563 HTTP/1.1 200 OK
Content-Type: text/plain
Content-Length: 195
X-Req-Date: 2016/06/24 17:23:40 278
Cache-Control: no-cache
CL: 195
X-Res-Date: 2016/06/24 17:23:40 292

ver=MSSP+0%2E9&ret=0&cver=5%2E0%2E16%2E1109&eid=f0ee1fbb04e6f17ea9e6dc8857e8dac7&key=0f0WCG4NTjxl2PsLxh/iTuFNMSxT/7Q7wIPsPYAOus3Fw^HBywnTxKral23oFE33OSpgUQrd0NVGA^eLqyKgihXRmhs5T9hkChPni6sioIoV0=  
[2016/06/24 17:26:32 312] transport  1310 a_complete_httpmessage  200  
[2016/06/24 17:26:32 312] transport  1419 is_update  true  
[2016/06/24 17:26:32 312] legacyuup  50   [trans] [id = uuplegacyuup_c0385c] readable  
[2016/06/24 17:26:32 312] network    84   ipfromenv ,  ipcache  dev.voicecloud.cn  def  59.107.24.5  
[2016/06/24 17:26:32 313] transport  914  cached ip is confirmed  
[2016/06/24 17:26:32 313] transport  1170 [soc] disconnect   
[2016/06/24 17:26:32 313] legacyuup  60   uup ok!  
