============================================================
Time  2016/07/07 03:31:59 047 
============================================================
[2016/07/07 03:31:59 047] legacyuup  305  SYS_MSG_LOAD  
[2016/07/07 03:31:59 048] legacyuup  218  UUP_MSG_START  
[2016/07/07 03:31:59 048] legacyuup  220  legacyuup  legacyuup_fecf83  268436457  1442971637  
[2016/07/07 03:31:59 048] legacyuup  263  User set url is   nil  
[2016/07/07 03:31:59 048] transport  603  paramkvsport is   nil  
[2016/07/07 03:31:59 049] transport  611  ns_enable=  0  
[2016/07/07 03:31:59 049] transport  655  url.full=  nil  
[2016/07/07 03:31:59 049] transport  831  switch 80  
[2016/07/07 03:31:59 049] transport  838  net type:  standard  
[2016/07/07 03:31:59 049] transport  839  net operator:  def  
[2016/07/07 03:31:59 049] transport  840  use proxy:  false  
[2016/07/07 03:31:59 049] legacyuup  280  not login!  
[2016/07/07 03:31:59 157] legacyuup  294  UUP_MSG_LGI_RESULT  
[2016/07/07 03:31:59 157] legacyuup  174  [session] send uup request  
[2016/07/07 03:31:59 157] transport  1071 ns_enable =  0  
[2016/07/07 03:31:59 157] legacyuup  131  lver:  nil  
[2016/07/07 03:31:59 157] legacyuup  136  cfg_ver:  nil  
[2016/07/07 03:31:59 157] transport  155  [dns] [0] response 59.107.24.11  
[2016/07/07 03:31:59 157] transport  163  59  107  24  11  
[2016/07/07 03:31:59 157] transport  192  iplist not avail  
[2016/07/07 03:31:59 157] transport  251  no iplist now  
[2016/07/07 03:31:59 158] network    89   iptoenv ,  ipcache  dev.voicecloud.cn  def  59.107.24.11  
[2016/07/07 03:31:59 158] transport  1138 [soc] connect   59.107.24.11  80  
[2016/07/07 03:31:59 158] transport  1155 mspsoc.open,prot_type=  tcp  
[2016/07/07 03:31:59 191] transport  461  [soc] [0] connected  
[2016/07/07 03:31:59 191] transport  1191 build http request.  
[2016/07/07 03:31:59 192] transport  1291 POST /msp.do HTTP/1.1
Host: dev.voicecloud.cn
Content-Type: multipart/mixed;boundary=--
Content-Length: 1005
User-Agent: iFLYCloud
Cache-Control: no-cache
Accept: */*

----
CL:168
CT:text/plain

ver=MSSP+0%2E9&sub=asr&cmd=uup&cver=5%2E0%2E16%2E1109&key=0f48IGw9XVCOkfuXXg9bI8PUQyAzQ5Ll2Uj2Kvb/LQsmc^HBywnTxKral23oFE33OSosPrU/tgMIc^eLqyKgihXRmhs5T9hkChPni6sioIoV0=
----
CL:312
CT:binary/userdata+abnf
CE:gzip,encrypt/0.2

Ø­Hhï¡™júH>¶5m²‚7Ê¶j¹!=®!eÖþ  
[2016/07/07 03:31:59 193] transport  483  [soc] [0] send ok  1181  
[2016/07/07 03:31:59 232] transport  495  [soc] [0] readable  
[2016/07/07 03:31:59 232] transport  1563 HTTP/1.1 200 OK
Content-Type: text/plain
Content-Length: 195
X-Req-Date: 2016/07/07 03:28:08 563
Cache-Control: no-cache
CL: 195
X-Res-Date: 2016/07/07 03:28:08 566

ver=MSSP+0%2E9&ret=0&cver=5%2E0%2E16%2E1109&eid=dccc53d06af121ba7017dbbf2fae6de8&key=0fE/Waf8ulxt3wVE6cN//HyEdbS^pOPDy5FbckLWf0y8k^HBywnTxKral23oFE33OSosPrU/tgMIc^eLqyKgihXRmhs5T9hkChPni6sioIoV0=  
[2016/07/07 03:31:59 232] transport  1310 a_complete_httpmessage  200  
[2016/07/07 03:31:59 233] transport  1419 is_update  true  
[2016/07/07 03:31:59 233] legacyuup  50   [trans] [id = uuplegacyuup_fecf83] readable  
[2016/07/07 03:31:59 233] network    84   ipfromenv ,  ipcache  dev.voicecloud.cn  def  59.107.24.11  
[2016/07/07 03:31:59 233] transport  914  cached ip is confirmed  
[2016/07/07 03:31:59 233] transport  1170 [soc] disconnect   
[2016/07/07 03:31:59 233] legacyuup  60   uup ok!  
