============================================================
Time  2016/07/01 00:48:46 198 
============================================================
[2016/07/01 00:48:46 199] legacyuup  305  SYS_MSG_LOAD  
[2016/07/01 00:48:46 200] legacyuup  218  UUP_MSG_START  
[2016/07/01 00:48:46 200] legacyuup  220  legacyuup  legacyuup_13e0b9d  268436457  1442971637  
[2016/07/01 00:48:46 200] legacyuup  263  User set url is   nil  
[2016/07/01 00:48:46 200] transport  603  paramkvsport is   nil  
[2016/07/01 00:48:46 200] transport  611  ns_enable=  0  
[2016/07/01 00:48:46 200] transport  655  url.full=  nil  
[2016/07/01 00:48:46 200] transport  831  switch 80  
[2016/07/01 00:48:46 200] transport  838  net type:  standard  
[2016/07/01 00:48:46 200] transport  839  net operator:  def  
[2016/07/01 00:48:46 200] transport  840  use proxy:  false  
[2016/07/01 00:48:46 200] legacyuup  280  not login!  
[2016/07/01 00:48:46 302] legacyuup  294  UUP_MSG_LGI_RESULT  
[2016/07/01 00:48:46 302] legacyuup  174  [session] send uup request  
[2016/07/01 00:48:46 302] transport  1071 ns_enable =  0  
[2016/07/01 00:48:46 302] legacyuup  131  lver:  nil  
[2016/07/01 00:48:46 302] legacyuup  136  cfg_ver:  nil  
[2016/07/01 00:48:46 304] transport  155  [dns] [0] response 117.121.21.146  
[2016/07/01 00:48:46 304] transport  163  117  121  21  146  
[2016/07/01 00:48:46 304] transport  192  iplist not avail  
[2016/07/01 00:48:46 304] transport  251  no iplist now  
[2016/07/01 00:48:46 304] network    89   iptoenv ,  ipcache  dev.voicecloud.cn  def  117.121.21.146  
[2016/07/01 00:48:46 305] transport  1138 [soc] connect   117.121.21.146  80  
[2016/07/01 00:48:46 305] transport  1155 mspsoc.open,prot_type=  tcp  
[2016/07/01 00:48:46 338] transport  461  [soc] [0] connected  
[2016/07/01 00:48:46 338] transport  1191 build http request.  
[2016/07/01 00:48:46 339] transport  1291 POST /msp.do HTTP/1.1
Host: dev.voicecloud.cn
Content-Type: multipart/mixed;boundary=--
Content-Length: 1005
User-Agent: iFLYCloud
Cache-Control: no-cache
Accept: */*

----
CL:168
CT:text/plain

ver=MSSP+0%2E9&sub=asr&cmd=uup&cver=5%2E0%2E16%2E1109&key=0fSoR3pPcdnegwPrwhyr5s61gmxvoMcyabWOVVOlhdyUk^HBywnTxKral23oFE33OSdlmR5mledXw^eLqyKgihXRmhs5T9hkChPni6sioIoV0=
----
CL:312
CT:binary/userdata+abnf
CE:gzip,encrypt/0.2

•
…7ÇŸúH>¶5m²‚7Ê¶j¹!=®!eÖþ  
[2016/07/01 00:48:46 340] transport  483  [soc] [0] send ok  1181  
[2016/07/01 00:48:46 379] transport  495  [soc] [0] readable  
[2016/07/01 00:48:46 379] transport  1563 HTTP/1.1 200 OK
Content-Type: text/plain
Content-Length: 195
X-Req-Date: 2016/07/01 00:45:46 747
Cache-Control: no-cache
CL: 195
X-Res-Date: 2016/07/01 00:45:46 753

ver=MSSP+0%2E9&ret=0&cver=5%2E0%2E16%2E1109&eid=0d768ceae968c00eebc8e482c99f9bd3&key=0f6uGBnOSm8c0Q7fM3E8HhdX7mZTLuKxGVIjyvPKiYl34^HBywnTxKral23oFE33OSdlmR5mledXw^eLqyKgihXRmhs5T9hkChPni6sioIoV0=  
[2016/07/01 00:48:46 379] transport  1310 a_complete_httpmessage  200  
[2016/07/01 00:48:46 379] transport  1419 is_update  true  
[2016/07/01 00:48:46 379] legacyuup  50   [trans] [id = uuplegacyuup_13e0b9d] readable  
[2016/07/01 00:48:46 380] network    84   ipfromenv ,  ipcache  dev.voicecloud.cn  def  117.121.21.146  
[2016/07/01 00:48:46 380] transport  914  cached ip is confirmed  
[2016/07/01 00:48:46 380] transport  1170 [soc] disconnect   
[2016/07/01 00:48:46 380] legacyuup  60   uup ok!  
[2016/07/01 00:48:46 380] legacyuup  314  SYS_MSG_UNLOAD  
