============================================================
Time  2016/07/06 20:55:09 060 
============================================================
[2016/07/06 20:55:09 060] legacyuup  305  SYS_MSG_LOAD  
[2016/07/06 20:55:09 061] legacyuup  218  UUP_MSG_START  
[2016/07/06 20:55:09 061] legacyuup  220  legacyuup  legacyuup_77adc8  268436457  1442971637  
[2016/07/06 20:55:09 061] legacyuup  263  User set url is   nil  
[2016/07/06 20:55:09 061] transport  603  paramkvsport is   nil  
[2016/07/06 20:55:09 061] transport  611  ns_enable=  0  
[2016/07/06 20:55:09 061] transport  655  url.full=  nil  
[2016/07/06 20:55:09 061] transport  831  switch 80  
[2016/07/06 20:55:09 061] transport  838  net type:  standard  
[2016/07/06 20:55:09 061] transport  839  net operator:  def  
[2016/07/06 20:55:09 061] transport  840  use proxy:  false  
[2016/07/06 20:55:09 061] legacyuup  280  not login!  
[2016/07/06 20:55:09 192] legacyuup  294  UUP_MSG_LGI_RESULT  
[2016/07/06 20:55:09 192] legacyuup  174  [session] send uup request  
[2016/07/06 20:55:09 192] transport  1071 ns_enable =  0  
[2016/07/06 20:55:09 192] legacyuup  131  lver:  nil  
[2016/07/06 20:55:09 192] legacyuup  136  cfg_ver:  nil  
[2016/07/06 20:55:09 193] transport  155  [dns] [0] response 59.107.24.11  
[2016/07/06 20:55:09 193] transport  163  59  107  24  11  
[2016/07/06 20:55:09 193] transport  199  ip front is  59.107.24  
[2016/07/06 20:55:09 193] transport  265  expected ip  
[2016/07/06 20:55:09 193] network    89   iptoenv ,  ipcache  dev.voicecloud.cn  def  59.107.24.11  
[2016/07/06 20:55:09 193] transport  1138 [soc] connect   59.107.24.11  80  
[2016/07/06 20:55:09 193] transport  1155 mspsoc.open,prot_type=  tcp  
[2016/07/06 20:55:09 234] transport  461  [soc] [0] connected  
[2016/07/06 20:55:09 234] transport  1191 build http request.  
[2016/07/06 20:55:09 235] transport  1291 POST /msp.do HTTP/1.1
Host: dev.voicecloud.cn
Content-Type: multipart/mixed;boundary=--
Content-Length: 997
User-Agent: iFLYCloud
Cache-Control: no-cache
Accept: */*

----
CL:168
CT:text/plain

ver=MSSP+0%2E9&sub=asr&cmd=uup&cver=5%2E0%2E16%2E1109&key=0fnjl5Je4fgpE8VPFx8MQQ/6L06nTvkr^s0oozwgRjmeA^HBywnTxKral23oFE33OS5UUBAANTNnE^eLqyKgihXRmhs5T9hkChPni6sioIoV0=
----
CL:312
CT:binary/userdata+abnf
CE:gzip,encrypt/0.2

&.–|BúH>¶5m²‚7Ê¶j¹!=®!eÖþ  
[2016/07/06 20:55:09 236] transport  483  [soc] [0] send ok  1172  
[2016/07/06 20:55:09 275] transport  495  [soc] [0] readable  
[2016/07/06 20:55:09 275] transport  1563 HTTP/1.1 200 OK
Content-Type: text/plain
Content-Length: 195
X-Req-Date: 2016/07/06 20:51:18 204
Cache-Control: no-cache
CL: 195
X-Res-Date: 2016/07/06 20:51:18 207

ver=MSSP+0%2E9&ret=0&cver=5%2E0%2E16%2E1109&eid=22366c973a469857157f544123d6f7f2&key=0frZLmXCZGyUjxHrCfBtnsnICHjDeX2ZCSvtTGC9YA0mc^HBywnTxKral23oFE33OS5UUBAANTNnE^eLqyKgihXRmhs5T9hkChPni6sioIoV0=  
[2016/07/06 20:55:09 276] transport  1310 a_complete_httpmessage  200  
[2016/07/06 20:55:09 276] transport  1419 is_update  true  
[2016/07/06 20:55:09 276] legacyuup  50   [trans] [id = uuplegacyuup_77adc8] readable  
[2016/07/06 20:55:09 276] network    84   ipfromenv ,  ipcache  dev.voicecloud.cn  def  59.107.24.11  
[2016/07/06 20:55:09 276] transport  914  cached ip is confirmed  
[2016/07/06 20:55:09 276] transport  1170 [soc] disconnect   
[2016/07/06 20:55:09 277] legacyuup  60   uup ok!  
[2016/07/06 20:55:09 277] legacyuup  314  SYS_MSG_UNLOAD  
